ARM GAS  C:\Users\Jukka\AppData\Local\Temp\ccdu8hWA.s 			page 1


   1              		.syntax unified
   2              		.cpu cortex-m3
   3              		.fpu softvfp
   4              		.eabi_attribute 20, 1
   5              		.eabi_attribute 21, 1
   6              		.eabi_attribute 23, 3
   7              		.eabi_attribute 24, 1
   8              		.eabi_attribute 25, 1
   9              		.eabi_attribute 26, 1
  10              		.eabi_attribute 30, 1
  11              		.eabi_attribute 34, 1
  12              		.eabi_attribute 18, 4
  13              		.thumb
  14              		.file	"main.c"
  15              		.text
  16              	.Ltext0:
  17              		.cfi_sections	.debug_frame
  18              		.section	.text.blinking_led,"ax",%progbits
  19              		.align	2
  20              		.global	blinking_led
  21              		.thumb
  22              		.thumb_func
  23              		.type	blinking_led, %function
  24              	blinking_led:
  25              	.LFB65:
  26              		.file 1 "main.c"
   1:main.c        **** /**
   2:main.c        **** * @mainpage ZumoBot Project
   3:main.c        **** * @brief    You can make your own ZumoBot with various sensors.
   4:main.c        **** * @details  <br><br>
   5:main.c        ****     <p>
   6:main.c        ****     <B>General</B><br>
   7:main.c        ****     You will use Pololu Zumo Shields for your robot project with CY8CKIT-059(PSoC 5LP) from Cypress
   8:main.c        ****     library has basic methods of various sensors and communications so that you can make what you w
   9:main.c        ****     <br><br>
  10:main.c        ****     </p>
  11:main.c        ****     
  12:main.c        ****     <p>
  13:main.c        ****     <B>Sensors</B><br>
  14:main.c        ****     &nbsp;Included: <br>
  15:main.c        ****         &nbsp;&nbsp;&nbsp;&nbsp;LSM303D: Accelerometer & Magnetometer<br>
  16:main.c        ****         &nbsp;&nbsp;&nbsp;&nbsp;L3GD20H: Gyroscope<br>
  17:main.c        ****         &nbsp;&nbsp;&nbsp;&nbsp;Reflectance sensor<br>
  18:main.c        ****         &nbsp;&nbsp;&nbsp;&nbsp;Motors
  19:main.c        ****     &nbsp;Wii nunchuck<br>
  20:main.c        ****     &nbsp;TSOP-2236: IR Receiver<br>
  21:main.c        ****     &nbsp;HC-SR04: Ultrasonic sensor<br>
  22:main.c        ****     &nbsp;APDS-9301: Ambient light sensor<br>
  23:main.c        ****     &nbsp;IR LED <br><br><br>
  24:main.c        ****     </p>
  25:main.c        ****     
  26:main.c        ****     <p>
  27:main.c        ****     <B>Communication</B><br>
  28:main.c        ****     I2C, UART, Serial<br>
  29:main.c        ****     </p>
  30:main.c        **** */
  31:main.c        **** 
ARM GAS  C:\Users\Jukka\AppData\Local\Temp\ccdu8hWA.s 			page 2


  32:main.c        **** #include <project.h>
  33:main.c        **** #include <stdio.h>
  34:main.c        **** #include "Motor.h"
  35:main.c        **** #include "Ultra.h"
  36:main.c        **** #include "Nunchuk.h"
  37:main.c        **** #include "Reflectance.h"
  38:main.c        **** #include "I2C_made.h"
  39:main.c        **** #include "Gyro.h"
  40:main.c        **** #include "Accel_magnet.h"
  41:main.c        **** #include "IR.h"
  42:main.c        **** #include "Ambient.h"
  43:main.c        **** #include "Beep.h"
  44:main.c        **** 
  45:main.c        **** int rread(void);
  46:main.c        **** void blinking_led ();
  47:main.c        **** void check_battery ();
  48:main.c        **** /**
  49:main.c        ****  * @file    main.c
  50:main.c        ****  * @brief   
  51:main.c        ****  * @details  ** You should enable global interrupt for operating properly. **<br>&nbsp;&nbsp;&nbsp;
  52:main.c        **** */
  53:main.c        **** 
  54:main.c        **** 
  55:main.c        **** //battery level//
  56:main.c        **** int main()
  57:main.c        **** {
  58:main.c        ****     CyGlobalIntEnable; 
  59:main.c        ****     UART_1_Start();
  60:main.c        ****     ADC_Battery_Start();        
  61:main.c        ****     //int16 adcresult =0;
  62:main.c        ****     //float volts = 0.0;
  63:main.c        **** 
  64:main.c        ****     printf("\nBoot\n");
  65:main.c        ****     
  66:main.c        ****     //BatteryLed_Write(1); // Switch led on 
  67:main.c        ****     //BatteryLed_Write(0); // Switch led off
  68:main.c        **** 
  69:main.c        ****     //uint8 button;
  70:main.c        ****     //button = SW1_Read(); // read SW1 on pSoC board
  71:main.c        ****     while (SW1_Read() == 1);
  72:main.c        ****     printf("Startting program\n");
  73:main.c        ****     BatteryLed_Write(1); // Switch led on
  74:main.c        ****     check_battery();
  75:main.c        ****     CyDelay(2000);
  76:main.c        ****         
  77:main.c        ****     motor_start();                  // motor start
  78:main.c        ****         
  79:main.c        ****     motor_turn(230,250,1800);       //go forward
  80:main.c        ****     motor_turn(250,10,335);          //turn 90 degrees right
  81:main.c        ****     motor_turn(230,250,1300);       //go forward
  82:main.c        ****     motor_turn(250,10,335);          //turn 90 degrees right
  83:main.c        ****     motor_turn(230,250,1400);       //go forward
  84:main.c        ****     motor_turn(250,10,375);          //turn 90+ degrees right
  85:main.c        ****     motor_turn(200,150,2000);       //turn smooth right
  86:main.c        ****     motor_turn(233,250,300);
  87:main.c        ****   //motor_backward(50,2000);        //moving backward
  88:main.c        ****        
ARM GAS  C:\Users\Jukka\AppData\Local\Temp\ccdu8hWA.s 			page 3


  89:main.c        ****     motor_stop();                   // motor stop
  90:main.c        ****     return 0;
  91:main.c        ****  }
  92:main.c        **** void check_battery () {
  93:main.c        ****     int16 adcresult =0;
  94:main.c        ****     float volts = 0.0;
  95:main.c        **** 
  96:main.c        ****         ADC_Battery_StartConvert();
  97:main.c        ****         if(ADC_Battery_IsEndConversion(ADC_Battery_WAIT_FOR_RESULT)) {   // wait for get ADC conver
  98:main.c        ****             adcresult = ADC_Battery_GetResult16();
  99:main.c        ****             volts = 1.5 * ADC_Battery_CountsTo_Volts(adcresult);                  // convert value 
 100:main.c        ****         
 101:main.c        ****             // If you want to print value
 102:main.c        ****             printf("%d %f\r\n",adcresult, volts);
 103:main.c        ****              
 104:main.c        ****         }
 105:main.c        ****         if (volts < 4.0) {
 106:main.c        ****             printf("Battery low!\n");
 107:main.c        ****             blinking_led();  
 108:main.c        ****         }
 109:main.c        **** }
 110:main.c        **** void blinking_led () {
  27              		.loc 1 110 0
  28              		.cfi_startproc
  29              		@ Volatile: function does not return.
  30              		@ args = 0, pretend = 0, frame = 0
  31              		@ frame_needed = 0, uses_anonymous_args = 0
  32 0000 08B5     		push	{r3, lr}
  33              		.cfi_def_cfa_offset 8
  34              		.cfi_offset 3, -8
  35              		.cfi_offset 14, -4
 111:main.c        ****     printf("Blinking\n");
  36              		.loc 1 111 0
  37 0002 0848     		ldr	r0, .L4
  38 0004 FFF7FEFF 		bl	puts
  39              	.LVL0:
  40              	.L2:
 112:main.c        ****        while(1) {
 113:main.c        ****        BatteryLed_Write(1); // Switch led on 
  41              		.loc 1 113 0 discriminator 1
  42 0008 0120     		movs	r0, #1
  43 000a FFF7FEFF 		bl	BatteryLed_Write
  44              	.LVL1:
 114:main.c        ****        CyDelay(50);
  45              		.loc 1 114 0 discriminator 1
  46 000e 3220     		movs	r0, #50
  47 0010 FFF7FEFF 		bl	CyDelay
  48              	.LVL2:
 115:main.c        ****        BatteryLed_Write(0); // Switch led off
  49              		.loc 1 115 0 discriminator 1
  50 0014 0020     		movs	r0, #0
  51 0016 FFF7FEFF 		bl	BatteryLed_Write
  52              	.LVL3:
 116:main.c        ****        CyDelay(500);
  53              		.loc 1 116 0 discriminator 1
  54 001a 4FF4FA70 		mov	r0, #500
  55 001e FFF7FEFF 		bl	CyDelay
ARM GAS  C:\Users\Jukka\AppData\Local\Temp\ccdu8hWA.s 			page 4


  56              	.LVL4:
 117:main.c        ****     }
  57              		.loc 1 117 0 discriminator 1
  58 0022 F1E7     		b	.L2
  59              	.L5:
  60              		.align	2
  61              	.L4:
  62 0024 00000000 		.word	.LC0
  63              		.cfi_endproc
  64              	.LFE65:
  65              		.size	blinking_led, .-blinking_led
  66              		.global	__aeabi_fmul
  67              		.global	__aeabi_f2d
  68              		.global	__aeabi_fcmplt
  69              		.section	.text.check_battery,"ax",%progbits
  70              		.align	2
  71              		.global	check_battery
  72              		.thumb
  73              		.thumb_func
  74              		.type	check_battery, %function
  75              	check_battery:
  76              	.LFB64:
  92:main.c        ****     int16 adcresult =0;
  77              		.loc 1 92 0
  78              		.cfi_startproc
  79              		@ args = 0, pretend = 0, frame = 0
  80              		@ frame_needed = 0, uses_anonymous_args = 0
  81 0000 38B5     		push	{r3, r4, r5, lr}
  82              		.cfi_def_cfa_offset 16
  83              		.cfi_offset 3, -16
  84              		.cfi_offset 4, -12
  85              		.cfi_offset 5, -8
  86              		.cfi_offset 14, -4
  87              	.LVL5:
  96:main.c        ****         if(ADC_Battery_IsEndConversion(ADC_Battery_WAIT_FOR_RESULT)) {   // wait for get ADC conver
  88              		.loc 1 96 0
  89 0002 FFF7FEFF 		bl	ADC_Battery_StartConvert
  90              	.LVL6:
  97:main.c        ****             adcresult = ADC_Battery_GetResult16();
  91              		.loc 1 97 0
  92 0006 0020     		movs	r0, #0
  93 0008 FFF7FEFF 		bl	ADC_Battery_IsEndConversion
  94              	.LVL7:
  95 000c 90B1     		cbz	r0, .L10
  98:main.c        ****             volts = 1.5 * ADC_Battery_CountsTo_Volts(adcresult);                  // convert value 
  96              		.loc 1 98 0
  97 000e FFF7FEFF 		bl	ADC_Battery_GetResult16
  98              	.LVL8:
  99 0012 0546     		mov	r5, r0
 100              	.LVL9:
  99:main.c        ****         
 101              		.loc 1 99 0
 102 0014 FFF7FEFF 		bl	ADC_Battery_CountsTo_Volts
 103              	.LVL10:
 104 0018 4FF07F51 		mov	r1, #1069547520
 105 001c FFF7FEFF 		bl	__aeabi_fmul
 106              	.LVL11:
ARM GAS  C:\Users\Jukka\AppData\Local\Temp\ccdu8hWA.s 			page 5


 107 0020 0446     		mov	r4, r0
 108              	.LVL12:
 102:main.c        ****              
 109              		.loc 1 102 0
 110 0022 FFF7FEFF 		bl	__aeabi_f2d
 111              	.LVL13:
 112 0026 0246     		mov	r2, r0
 113 0028 0B46     		mov	r3, r1
 114 002a 0948     		ldr	r0, .L14
 115 002c 2946     		mov	r1, r5
 116 002e FFF7FEFF 		bl	printf
 117              	.LVL14:
 118 0032 00E0     		b	.L7
 119              	.LVL15:
 120              	.L10:
  94:main.c        **** 
 121              		.loc 1 94 0
 122 0034 0024     		movs	r4, #0
 123              	.LVL16:
 124              	.L7:
 105:main.c        ****             printf("Battery low!\n");
 125              		.loc 1 105 0
 126 0036 2046     		mov	r0, r4
 127 0038 4FF08141 		mov	r1, #1082130432
 128 003c FFF7FEFF 		bl	__aeabi_fcmplt
 129              	.LVL17:
 130 0040 20B1     		cbz	r0, .L12
 106:main.c        ****             blinking_led();  
 131              		.loc 1 106 0
 132 0042 0448     		ldr	r0, .L14+4
 133 0044 FFF7FEFF 		bl	puts
 134              	.LVL18:
 107:main.c        ****         }
 135              		.loc 1 107 0
 136 0048 FFF7FEFF 		bl	blinking_led
 137              	.LVL19:
 138              	.L12:
 139 004c 38BD     		pop	{r3, r4, r5, pc}
 140              	.LVL20:
 141              	.L15:
 142 004e 00BF     		.align	2
 143              	.L14:
 144 0050 0C000000 		.word	.LC1
 145 0054 14000000 		.word	.LC2
 146              		.cfi_endproc
 147              	.LFE64:
 148              		.size	check_battery, .-check_battery
 149              		.section	.text.main,"ax",%progbits
 150              		.align	2
 151              		.global	main
 152              		.thumb
 153              		.thumb_func
 154              		.type	main, %function
 155              	main:
 156              	.LFB63:
  57:main.c        ****     CyGlobalIntEnable; 
 157              		.loc 1 57 0
ARM GAS  C:\Users\Jukka\AppData\Local\Temp\ccdu8hWA.s 			page 6


 158              		.cfi_startproc
 159              		@ args = 0, pretend = 0, frame = 0
 160              		@ frame_needed = 0, uses_anonymous_args = 0
 161 0000 08B5     		push	{r3, lr}
 162              		.cfi_def_cfa_offset 8
 163              		.cfi_offset 3, -8
 164              		.cfi_offset 14, -4
  58:main.c        ****     UART_1_Start();
 165              		.loc 1 58 0
 166              	@ 58 "main.c" 1
 167 0002 62B6     		CPSIE   i
 168              	@ 0 "" 2
  59:main.c        ****     ADC_Battery_Start();        
 169              		.loc 1 59 0
 170              		.thumb
 171 0004 FFF7FEFF 		bl	UART_1_Start
 172              	.LVL21:
  60:main.c        ****     //int16 adcresult =0;
 173              		.loc 1 60 0
 174 0008 FFF7FEFF 		bl	ADC_Battery_Start
 175              	.LVL22:
  64:main.c        ****     
 176              		.loc 1 64 0
 177 000c 2448     		ldr	r0, .L19
 178 000e FFF7FEFF 		bl	puts
 179              	.LVL23:
 180              	.L17:
  71:main.c        ****     printf("Startting program\n");
 181              		.loc 1 71 0 discriminator 1
 182 0012 FFF7FEFF 		bl	SW1_Read
 183              	.LVL24:
 184 0016 0128     		cmp	r0, #1
 185 0018 FBD0     		beq	.L17
  72:main.c        ****     BatteryLed_Write(1); // Switch led on
 186              		.loc 1 72 0
 187 001a 2248     		ldr	r0, .L19+4
 188 001c FFF7FEFF 		bl	puts
 189              	.LVL25:
  73:main.c        ****     check_battery();
 190              		.loc 1 73 0
 191 0020 0120     		movs	r0, #1
 192 0022 FFF7FEFF 		bl	BatteryLed_Write
 193              	.LVL26:
  74:main.c        ****     CyDelay(2000);
 194              		.loc 1 74 0
 195 0026 FFF7FEFF 		bl	check_battery
 196              	.LVL27:
  75:main.c        ****         
 197              		.loc 1 75 0
 198 002a 4FF4FA60 		mov	r0, #2000
 199 002e FFF7FEFF 		bl	CyDelay
 200              	.LVL28:
  77:main.c        ****         
 201              		.loc 1 77 0
 202 0032 FFF7FEFF 		bl	motor_start
 203              	.LVL29:
  79:main.c        ****     motor_turn(250,10,335);          //turn 90 degrees right
ARM GAS  C:\Users\Jukka\AppData\Local\Temp\ccdu8hWA.s 			page 7


 204              		.loc 1 79 0
 205 0036 E620     		movs	r0, #230
 206 0038 FA21     		movs	r1, #250
 207 003a 4FF4E162 		mov	r2, #1800
 208 003e FFF7FEFF 		bl	motor_turn
 209              	.LVL30:
  80:main.c        ****     motor_turn(230,250,1300);       //go forward
 210              		.loc 1 80 0
 211 0042 FA20     		movs	r0, #250
 212 0044 0A21     		movs	r1, #10
 213 0046 40F24F12 		movw	r2, #335
 214 004a FFF7FEFF 		bl	motor_turn
 215              	.LVL31:
  81:main.c        ****     motor_turn(250,10,335);          //turn 90 degrees right
 216              		.loc 1 81 0
 217 004e E620     		movs	r0, #230
 218 0050 FA21     		movs	r1, #250
 219 0052 40F21452 		movw	r2, #1300
 220 0056 FFF7FEFF 		bl	motor_turn
 221              	.LVL32:
  82:main.c        ****     motor_turn(230,250,1400);       //go forward
 222              		.loc 1 82 0
 223 005a FA20     		movs	r0, #250
 224 005c 0A21     		movs	r1, #10
 225 005e 40F24F12 		movw	r2, #335
 226 0062 FFF7FEFF 		bl	motor_turn
 227              	.LVL33:
  83:main.c        ****     motor_turn(250,10,375);          //turn 90+ degrees right
 228              		.loc 1 83 0
 229 0066 E620     		movs	r0, #230
 230 0068 FA21     		movs	r1, #250
 231 006a 4FF4AF62 		mov	r2, #1400
 232 006e FFF7FEFF 		bl	motor_turn
 233              	.LVL34:
  84:main.c        ****     motor_turn(200,150,2000);       //turn smooth right
 234              		.loc 1 84 0
 235 0072 FA20     		movs	r0, #250
 236 0074 0A21     		movs	r1, #10
 237 0076 40F27712 		movw	r2, #375
 238 007a FFF7FEFF 		bl	motor_turn
 239              	.LVL35:
  85:main.c        ****     motor_turn(233,250,300);
 240              		.loc 1 85 0
 241 007e C820     		movs	r0, #200
 242 0080 9621     		movs	r1, #150
 243 0082 4FF4FA62 		mov	r2, #2000
 244 0086 FFF7FEFF 		bl	motor_turn
 245              	.LVL36:
  86:main.c        ****   //motor_backward(50,2000);        //moving backward
 246              		.loc 1 86 0
 247 008a E920     		movs	r0, #233
 248 008c FA21     		movs	r1, #250
 249 008e 4FF49672 		mov	r2, #300
 250 0092 FFF7FEFF 		bl	motor_turn
 251              	.LVL37:
  89:main.c        ****     return 0;
 252              		.loc 1 89 0
ARM GAS  C:\Users\Jukka\AppData\Local\Temp\ccdu8hWA.s 			page 8


 253 0096 FFF7FEFF 		bl	motor_stop
 254              	.LVL38:
  91:main.c        **** void check_battery () {
 255              		.loc 1 91 0
 256 009a 0020     		movs	r0, #0
 257 009c 08BD     		pop	{r3, pc}
 258              	.L20:
 259 009e 00BF     		.align	2
 260              	.L19:
 261 00a0 24000000 		.word	.LC3
 262 00a4 2C000000 		.word	.LC4
 263              		.cfi_endproc
 264              	.LFE63:
 265              		.size	main, .-main
 266              		.section	.text._write,"ax",%progbits
 267              		.align	2
 268              		.global	_write
 269              		.thumb
 270              		.thumb_func
 271              		.type	_write, %function
 272              	_write:
 273              	.LFB66:
 118:main.c        ****     
 119:main.c        **** }
 120:main.c        **** //*/
 121:main.c        **** 
 122:main.c        **** 
 123:main.c        **** /*//ultra sonic sensor//
 124:main.c        **** int main()
 125:main.c        **** {
 126:main.c        ****     CyGlobalIntEnable; 
 127:main.c        ****     UART_1_Start();
 128:main.c        ****     Ultra_Start();                          // Ultra Sonic Start function
 129:main.c        ****     while(1) {
 130:main.c        ****         //If you want to print out the value  
 131:main.c        ****         printf("distance = %5.0f\r\n", Ultra_GetDistance());
 132:main.c        ****         CyDelay(1000);
 133:main.c        ****     }
 134:main.c        **** }   
 135:main.c        **** //*/
 136:main.c        **** 
 137:main.c        **** 
 138:main.c        **** /*//nunchuk//
 139:main.c        **** int main()
 140:main.c        **** {
 141:main.c        ****     CyGlobalIntEnable; 
 142:main.c        ****     UART_1_Start();
 143:main.c        ****   
 144:main.c        ****     nunchuk_start();
 145:main.c        ****     nunchuk_init();
 146:main.c        ****     
 147:main.c        ****     for(;;)
 148:main.c        ****     {    
 149:main.c        ****         nunchuk_read();
 150:main.c        ****     }
 151:main.c        **** }   
 152:main.c        **** //*/
ARM GAS  C:\Users\Jukka\AppData\Local\Temp\ccdu8hWA.s 			page 9


 153:main.c        **** 
 154:main.c        **** 
 155:main.c        **** /*//IR receiver//
 156:main.c        **** int main()
 157:main.c        **** {
 158:main.c        ****     CyGlobalIntEnable; 
 159:main.c        ****     UART_1_Start();
 160:main.c        ****     
 161:main.c        ****     unsigned int IR_val; 
 162:main.c        ****     
 163:main.c        ****     for(;;)
 164:main.c        ****     {
 165:main.c        ****        IR_val = get_IR();
 166:main.c        ****        printf("%x\r\n\n",IR_val);
 167:main.c        ****     }    
 168:main.c        ****  }   
 169:main.c        **** //*/
 170:main.c        **** 
 171:main.c        **** 
 172:main.c        **** /*//Ambient light sensor//
 173:main.c        **** int main()
 174:main.c        **** {
 175:main.c        ****     CyGlobalIntEnable; 
 176:main.c        ****     UART_1_Start();
 177:main.c        ****     
 178:main.c        ****     I2C_Start();
 179:main.c        ****     
 180:main.c        ****     I2C_write(0x29,0x80,0x00);          // set to power down
 181:main.c        ****     I2C_write(0x29,0x80,0x03);          // set to power on
 182:main.c        ****     
 183:main.c        ****     for(;;)
 184:main.c        ****     {    
 185:main.c        ****         uint8 Data0Low,Data0High,Data1Low,Data1High;
 186:main.c        ****         Data0Low = I2C_read(0x29,CH0_L);
 187:main.c        ****         Data0High = I2C_read(0x29,CH0_H);
 188:main.c        ****         Data1Low = I2C_read(0x29,CH1_L);
 189:main.c        ****         Data1High = I2C_read(0x29,CH1_H);
 190:main.c        ****         
 191:main.c        ****         uint8 CH0, CH1;
 192:main.c        ****         CH0 = convert_raw(Data0Low,Data0High);      // combine Data0
 193:main.c        ****         CH1 = convert_raw(Data1Low,Data1High);      // combine Data1
 194:main.c        **** 
 195:main.c        ****         double Ch0 = CH0;
 196:main.c        ****         double Ch1 = CH1;
 197:main.c        ****         
 198:main.c        ****         double data = 0;
 199:main.c        ****         data = getLux(Ch0,Ch1);
 200:main.c        ****         
 201:main.c        ****         // If you want to print out data
 202:main.c        ****         //printf("%lf\r\n",data);    
 203:main.c        ****     }    
 204:main.c        ****  }   
 205:main.c        **** //*/
 206:main.c        **** 
 207:main.c        **** 
 208:main.c        **** /*//accelerometer//
 209:main.c        **** int main()
ARM GAS  C:\Users\Jukka\AppData\Local\Temp\ccdu8hWA.s 			page 10


 210:main.c        **** {
 211:main.c        ****     CyGlobalIntEnable; 
 212:main.c        ****     UART_1_Start();
 213:main.c        ****   
 214:main.c        ****     I2C_Start();
 215:main.c        ****   
 216:main.c        ****     uint8 X_L_A, X_H_A, Y_L_A, Y_H_A, Z_L_A, Z_H_A;
 217:main.c        ****     int16 X_AXIS_A, Y_AXIS_A, Z_AXIS_A;
 218:main.c        ****     
 219:main.c        ****     I2C_write(ACCEL_MAG_ADDR, ACCEL_CTRL1_REG, 0x37);           // set accelerometer & magnetometer
 220:main.c        ****     I2C_write(ACCEL_MAG_ADDR, ACCEL_CTRL7_REG, 0x22);
 221:main.c        ****     
 222:main.c        ****     
 223:main.c        ****     for(;;)
 224:main.c        ****     {
 225:main.c        ****         //print out accelerometer output
 226:main.c        ****         X_L_A = I2C_read(ACCEL_MAG_ADDR, OUT_X_L_A);
 227:main.c        ****         X_H_A = I2C_read(ACCEL_MAG_ADDR, OUT_X_H_A);
 228:main.c        ****         X_AXIS_A = convert_raw(X_L_A, X_H_A);
 229:main.c        ****         
 230:main.c        ****         Y_L_A = I2C_read(ACCEL_MAG_ADDR, OUT_Y_L_A);
 231:main.c        ****         Y_H_A = I2C_read(ACCEL_MAG_ADDR, OUT_Y_H_A);
 232:main.c        ****         Y_AXIS_A = convert_raw(Y_L_A, Y_H_A);
 233:main.c        ****         
 234:main.c        ****         Z_L_A = I2C_read(ACCEL_MAG_ADDR, OUT_Z_L_A);
 235:main.c        ****         Z_H_A = I2C_read(ACCEL_MAG_ADDR, OUT_Z_H_A);
 236:main.c        ****         Z_AXIS_A = convert_raw(Z_L_A, Z_H_A);
 237:main.c        ****         
 238:main.c        ****         printf("ACCEL: %d %d %d %d %d %d \r\n", X_L_A, X_H_A, Y_L_A, Y_H_A, Z_L_A, Z_H_A);
 239:main.c        ****         value_convert_accel(X_AXIS_A, Y_AXIS_A, Z_AXIS_A);
 240:main.c        ****         printf("\n");
 241:main.c        ****         
 242:main.c        ****         CyDelay(50);
 243:main.c        ****     }
 244:main.c        **** }   
 245:main.c        **** //*/
 246:main.c        **** 
 247:main.c        **** 
 248:main.c        **** /*//reflectance//
 249:main.c        **** int main()
 250:main.c        **** {
 251:main.c        ****     struct sensors_ ref;
 252:main.c        ****     struct sensors_ dig;
 253:main.c        ****     CyGlobalIntEnable; 
 254:main.c        ****     UART_1_Start();
 255:main.c        ****   
 256:main.c        ****     sensor_isr_StartEx(sensor_isr_handler);
 257:main.c        ****     
 258:main.c        ****     reflectance_start();
 259:main.c        **** 
 260:main.c        ****     IR_led_Write(1);
 261:main.c        ****     for(;;)
 262:main.c        ****     {
 263:main.c        ****         reflectance_read(&ref);
 264:main.c        ****         printf("%d %d %d %d \r\n", ref.l3, ref.l1, ref.r1, ref.r3);       //print out each period o
 265:main.c        ****         reflectance_digital(&dig);      //print out 0 or 1 according to results of reflectance peri
 266:main.c        ****         printf("%d %d %d %d \r\n", dig.l3, dig.l1, dig.r1, dig.r3);        //print out 0 or 1 accor
ARM GAS  C:\Users\Jukka\AppData\Local\Temp\ccdu8hWA.s 			page 11


 267:main.c        ****         
 268:main.c        ****         CyDelay(500);
 269:main.c        ****     }
 270:main.c        **** }   
 271:main.c        **** //*/
 272:main.c        **** 
 273:main.c        ****  /* //motor//
 274:main.c        **** int main()
 275:main.c        **** {
 276:main.c        ****     CyGlobalIntEnable; 
 277:main.c        ****     UART_1_Start();
 278:main.c        **** 
 279:main.c        ****     motor_start();              // motor start
 280:main.c        **** 
 281:main.c        ****     motor_forward(100,2000);     // moving forward
 282:main.c        ****     motor_turn(200,50,2000);     // turn
 283:main.c        ****     motor_turn(50,200,2000);     // turn
 284:main.c        ****     motor_backward(100,2000);    // movinb backward
 285:main.c        ****        
 286:main.c        ****     motor_stop();               // motor stop
 287:main.c        ****     
 288:main.c        ****     for(;;)
 289:main.c        ****     {
 290:main.c        **** 
 291:main.c        ****     }
 292:main.c        **** }
 293:main.c        **** //*/
 294:main.c        ****     
 295:main.c        **** 
 296:main.c        **** /*//gyroscope//
 297:main.c        **** int main()
 298:main.c        **** {
 299:main.c        ****     CyGlobalIntEnable; 
 300:main.c        ****     UART_1_Start();
 301:main.c        ****   
 302:main.c        ****     I2C_Start();
 303:main.c        ****   
 304:main.c        ****     uint8 X_L_G, X_H_G, Y_L_G, Y_H_G, Z_L_G, Z_H_G;
 305:main.c        ****     int16 X_AXIS_G, Y_AXIS_G, Z_AXIS_G;
 306:main.c        ****     
 307:main.c        ****     I2C_write(GYRO_ADDR, GYRO_CTRL1_REG, 0x0F);             // set gyroscope into active mode
 308:main.c        ****     I2C_write(GYRO_ADDR, GYRO_CTRL4_REG, 0x30);             // set full scale selection to 2000dps 
 309:main.c        ****     
 310:main.c        ****     for(;;)
 311:main.c        ****     {
 312:main.c        ****         //print out gyroscope output
 313:main.c        ****         X_L_G = I2C_read(GYRO_ADDR, OUT_X_AXIS_L);
 314:main.c        ****         X_H_G = I2C_read(GYRO_ADDR, OUT_X_AXIS_H);
 315:main.c        ****         X_AXIS_G = convert_raw(X_H_G, X_L_G);
 316:main.c        ****         
 317:main.c        ****         
 318:main.c        ****         Y_L_G = I2C_read(GYRO_ADDR, OUT_Y_AXIS_L);
 319:main.c        ****         Y_H_G = I2C_read(GYRO_ADDR, OUT_Y_AXIS_H);
 320:main.c        ****         Y_AXIS_G = convert_raw(Y_H_G, Y_L_G);
 321:main.c        ****         
 322:main.c        ****         
 323:main.c        ****         Z_L_G = I2C_read(GYRO_ADDR, OUT_Z_AXIS_L);
ARM GAS  C:\Users\Jukka\AppData\Local\Temp\ccdu8hWA.s 			page 12


 324:main.c        ****         Z_H_G = I2C_read(GYRO_ADDR, OUT_Z_AXIS_H);
 325:main.c        ****         Z_AXIS_G = convert_raw(Z_H_G, Z_L_G);
 326:main.c        ****      
 327:main.c        ****         // If you want to print value
 328:main.c        ****         printf("%d %d %d \r\n", X_AXIS_G, Y_AXIS_G, Z_AXIS_G);
 329:main.c        ****         CyDelay(50);
 330:main.c        ****     }
 331:main.c        **** }   
 332:main.c        **** //*/
 333:main.c        **** 
 334:main.c        **** 
 335:main.c        **** /*//magnetometer//
 336:main.c        **** int main()
 337:main.c        **** {
 338:main.c        ****     CyGlobalIntEnable; 
 339:main.c        ****     UART_1_Start();
 340:main.c        ****   
 341:main.c        ****     I2C_Start();
 342:main.c        ****    
 343:main.c        ****     uint8 X_L_M, X_H_M, Y_L_M, Y_H_M, Z_L_M, Z_H_M;
 344:main.c        ****     int16 X_AXIS, Y_AXIS, Z_AXIS;
 345:main.c        ****     
 346:main.c        ****     I2C_write(GYRO_ADDR, GYRO_CTRL1_REG, 0x0F);             // set gyroscope into active mode
 347:main.c        ****     I2C_write(GYRO_ADDR, GYRO_CTRL4_REG, 0x30);             // set full scale selection to 2000dps
 348:main.c        ****     I2C_write(ACCEL_MAG_ADDR, ACCEL_CTRL1_REG, 0x37);           // set accelerometer & magnetometer
 349:main.c        ****     I2C_write(ACCEL_MAG_ADDR, ACCEL_CTRL7_REG, 0x22);
 350:main.c        ****     
 351:main.c        ****     
 352:main.c        ****     for(;;)
 353:main.c        ****     {
 354:main.c        ****         X_L_M = I2C_read(ACCEL_MAG_ADDR, OUT_X_L_M);
 355:main.c        ****         X_H_M = I2C_read(ACCEL_MAG_ADDR, OUT_X_H_M);
 356:main.c        ****         X_AXIS = convert_raw(X_L_M, X_H_M);
 357:main.c        ****         
 358:main.c        ****         Y_L_M = I2C_read(ACCEL_MAG_ADDR, OUT_Y_L_M);
 359:main.c        ****         Y_H_M = I2C_read(ACCEL_MAG_ADDR, OUT_Y_H_M);
 360:main.c        ****         Y_AXIS = convert_raw(Y_L_M, Y_H_M);
 361:main.c        ****         
 362:main.c        ****         Z_L_M = I2C_read(ACCEL_MAG_ADDR, OUT_Z_L_M);
 363:main.c        ****         Z_H_M = I2C_read(ACCEL_MAG_ADDR, OUT_Z_H_M);
 364:main.c        ****         Z_AXIS = convert_raw(Z_L_M, Z_H_M);
 365:main.c        ****         
 366:main.c        ****         heading(X_AXIS, Y_AXIS);
 367:main.c        ****         printf("MAGNET: %d %d %d %d %d %d \r\n", X_L_M, X_H_M, Y_L_M, Y_H_M, Z_L_M, Z_H_M);
 368:main.c        ****         printf("%d %d %d \r\n", X_AXIS,Y_AXIS, Z_AXIS);
 369:main.c        ****         CyDelay(50);      
 370:main.c        ****     }
 371:main.c        **** }   
 372:main.c        **** //*/
 373:main.c        **** 
 374:main.c        **** 
 375:main.c        **** #if 0
 376:main.c        **** int rread(void)
 377:main.c        **** {
 378:main.c        ****     SC0_SetDriveMode(PIN_DM_STRONG);
 379:main.c        ****     SC0_Write(1);
 380:main.c        ****     CyDelayUs(10);
ARM GAS  C:\Users\Jukka\AppData\Local\Temp\ccdu8hWA.s 			page 13


 381:main.c        ****     SC0_SetDriveMode(PIN_DM_DIG_HIZ);
 382:main.c        ****     Timer_1_Start();
 383:main.c        ****     uint16_t start = Timer_1_ReadCounter();
 384:main.c        ****     uint16_t end = 0;
 385:main.c        ****     while(!(Timer_1_ReadStatusRegister() & Timer_1_STATUS_TC)) {
 386:main.c        ****         if(SC0_Read() == 0 && end == 0) {
 387:main.c        ****             end = Timer_1_ReadCounter();
 388:main.c        ****         }
 389:main.c        ****     }
 390:main.c        ****     Timer_1_Stop();
 391:main.c        ****     
 392:main.c        ****     return (start - end);
 393:main.c        **** }
 394:main.c        **** #endif
 395:main.c        **** 
 396:main.c        **** /* Don't remove the functions below */
 397:main.c        **** int _write(int file, char *ptr, int len)
 398:main.c        **** {
 274              		.loc 1 398 0
 275              		.cfi_startproc
 276              		@ args = 0, pretend = 0, frame = 0
 277              		@ frame_needed = 0, uses_anonymous_args = 0
 278              	.LVL39:
 279 0000 F8B5     		push	{r3, r4, r5, r6, r7, lr}
 280              		.cfi_def_cfa_offset 24
 281              		.cfi_offset 3, -24
 282              		.cfi_offset 4, -20
 283              		.cfi_offset 5, -16
 284              		.cfi_offset 6, -12
 285              		.cfi_offset 7, -8
 286              		.cfi_offset 14, -4
 287 0002 0C46     		mov	r4, r1
 288 0004 1746     		mov	r7, r2
 289              	.LVL40:
 399:main.c        ****     (void)file; /* Parameter is not used, suppress unused argument warning */
 400:main.c        **** 	int n;
 401:main.c        **** 	for(n = 0; n < len; n++) {
 290              		.loc 1 401 0
 291 0006 0025     		movs	r5, #0
 292 0008 0BE0     		b	.L22
 293              	.LVL41:
 294              	.L24:
 402:main.c        ****         if(*ptr == '\n') UART_1_PutChar('\r');
 295              		.loc 1 402 0
 296 000a 2378     		ldrb	r3, [r4]	@ zero_extendqisi2
 297 000c 0A2B     		cmp	r3, #10
 298 000e 02D1     		bne	.L23
 299              		.loc 1 402 0 is_stmt 0 discriminator 1
 300 0010 0D20     		movs	r0, #13
 301 0012 FFF7FEFF 		bl	UART_1_PutChar
 302              	.LVL42:
 303              	.L23:
 403:main.c        **** 		UART_1_PutChar(*ptr++);
 304              		.loc 1 403 0 is_stmt 1 discriminator 2
 305 0016 661C     		adds	r6, r4, #1
 306              	.LVL43:
 307 0018 2078     		ldrb	r0, [r4]	@ zero_extendqisi2
ARM GAS  C:\Users\Jukka\AppData\Local\Temp\ccdu8hWA.s 			page 14


 308 001a FFF7FEFF 		bl	UART_1_PutChar
 309              	.LVL44:
 401:main.c        ****         if(*ptr == '\n') UART_1_PutChar('\r');
 310              		.loc 1 401 0 discriminator 2
 311 001e 0135     		adds	r5, r5, #1
 312              	.LVL45:
 313              		.loc 1 403 0 discriminator 2
 314 0020 3446     		mov	r4, r6
 315              	.LVL46:
 316              	.L22:
 401:main.c        ****         if(*ptr == '\n') UART_1_PutChar('\r');
 317              		.loc 1 401 0 discriminator 1
 318 0022 BD42     		cmp	r5, r7
 319 0024 F1DB     		blt	.L24
 404:main.c        **** 	}
 405:main.c        **** 	return len;
 406:main.c        **** }
 320              		.loc 1 406 0
 321 0026 3846     		mov	r0, r7
 322 0028 F8BD     		pop	{r3, r4, r5, r6, r7, pc}
 323              		.cfi_endproc
 324              	.LFE66:
 325              		.size	_write, .-_write
 326 002a 00BF     		.section	.text._read,"ax",%progbits
 327              		.align	2
 328              		.global	_read
 329              		.thumb
 330              		.thumb_func
 331              		.type	_read, %function
 332              	_read:
 333              	.LFB67:
 407:main.c        **** 
 408:main.c        **** int _read (int file, char *ptr, int count)
 409:main.c        **** {
 334              		.loc 1 409 0
 335              		.cfi_startproc
 336              		@ args = 0, pretend = 0, frame = 0
 337              		@ frame_needed = 0, uses_anonymous_args = 0
 338              	.LVL47:
 339 0000 F8B5     		push	{r3, r4, r5, r6, r7, lr}
 340              		.cfi_def_cfa_offset 24
 341              		.cfi_offset 3, -24
 342              		.cfi_offset 4, -20
 343              		.cfi_offset 5, -16
 344              		.cfi_offset 6, -12
 345              		.cfi_offset 7, -8
 346              		.cfi_offset 14, -4
 347 0002 0F46     		mov	r7, r1
 348 0004 1446     		mov	r4, r2
 349              	.LVL48:
 410:main.c        ****     int chs = 0;
 350              		.loc 1 410 0
 351 0006 0026     		movs	r6, #0
 411:main.c        ****     char ch;
 412:main.c        ****  
 413:main.c        ****     (void)file; /* Parameter is not used, suppress unused argument warning */
 414:main.c        ****     while(count > 0) {
ARM GAS  C:\Users\Jukka\AppData\Local\Temp\ccdu8hWA.s 			page 15


 352              		.loc 1 414 0
 353 0008 12E0     		b	.L28
 354              	.LVL49:
 355              	.L31:
 415:main.c        ****         ch = UART_1_GetChar();
 356              		.loc 1 415 0
 357 000a FFF7FEFF 		bl	UART_1_GetChar
 358              	.LVL50:
 416:main.c        ****         if(ch != 0) {
 359              		.loc 1 416 0
 360 000e 0546     		mov	r5, r0
 361 0010 70B1     		cbz	r0, .L28
 417:main.c        ****             UART_1_PutChar(ch);
 362              		.loc 1 417 0
 363 0012 FFF7FEFF 		bl	UART_1_PutChar
 364              	.LVL51:
 418:main.c        ****             chs++;
 365              		.loc 1 418 0
 366 0016 0136     		adds	r6, r6, #1
 367              	.LVL52:
 419:main.c        ****             if(ch == '\r') {
 368              		.loc 1 419 0
 369 0018 0D2D     		cmp	r5, #13
 370 001a 03D1     		bne	.L29
 371              	.LVL53:
 420:main.c        ****                 ch = '\n';
 421:main.c        ****                 UART_1_PutChar(ch);
 372              		.loc 1 421 0
 373 001c 0A20     		movs	r0, #10
 374 001e FFF7FEFF 		bl	UART_1_PutChar
 375              	.LVL54:
 420:main.c        ****                 ch = '\n';
 376              		.loc 1 420 0
 377 0022 0A25     		movs	r5, #10
 378              	.LVL55:
 379              	.L29:
 422:main.c        ****             }
 423:main.c        ****             *ptr++ = ch;
 380              		.loc 1 423 0
 381 0024 7B1C     		adds	r3, r7, #1
 382              	.LVL56:
 383 0026 3D70     		strb	r5, [r7]
 424:main.c        ****             count--;
 384              		.loc 1 424 0
 385 0028 013C     		subs	r4, r4, #1
 386              	.LVL57:
 425:main.c        ****             if(ch == '\n') break;
 387              		.loc 1 425 0
 388 002a 0A2D     		cmp	r5, #10
 389 002c 02D0     		beq	.L30
 423:main.c        ****             count--;
 390              		.loc 1 423 0
 391 002e 1F46     		mov	r7, r3
 392              	.LVL58:
 393              	.L28:
 414:main.c        ****         ch = UART_1_GetChar();
 394              		.loc 1 414 0
ARM GAS  C:\Users\Jukka\AppData\Local\Temp\ccdu8hWA.s 			page 16


 395 0030 002C     		cmp	r4, #0
 396 0032 EADC     		bgt	.L31
 397              	.LVL59:
 398              	.L30:
 426:main.c        ****         }
 427:main.c        ****     }
 428:main.c        ****     return chs;
 429:main.c        **** }
 399              		.loc 1 429 0
 400 0034 3046     		mov	r0, r6
 401 0036 F8BD     		pop	{r3, r4, r5, r6, r7, pc}
 402              		.cfi_endproc
 403              	.LFE67:
 404              		.size	_read, .-_read
 405              		.section	.rodata.str1.4,"aMS",%progbits,1
 406              		.align	2
 407              	.LC0:
 408 0000 426C696E 		.ascii	"Blinking\000"
 408      6B696E67 
 408      00
 409 0009 000000   		.space	3
 410              	.LC1:
 411 000c 25642025 		.ascii	"%d %f\015\012\000"
 411      660D0A00 
 412              	.LC2:
 413 0014 42617474 		.ascii	"Battery low!\000"
 413      65727920 
 413      6C6F7721 
 413      00
 414 0021 000000   		.space	3
 415              	.LC3:
 416 0024 0A426F6F 		.ascii	"\012Boot\000"
 416      7400
 417 002a 0000     		.space	2
 418              	.LC4:
 419 002c 53746172 		.ascii	"Startting program\000"
 419      7474696E 
 419      67207072 
 419      6F677261 
 419      6D00
 420 003e 0000     		.text
 421              	.Letext0:
 422              		.file 2 "c:\\program files (x86)\\cypress\\psoc creator\\4.0\\psoc creator\\import\\gnu\\arm\\4.9.
 423              		.file 3 "c:\\program files (x86)\\cypress\\psoc creator\\4.0\\psoc creator\\import\\gnu\\arm\\4.9.
 424              		.file 4 "Generated_Source\\PSoC5/cytypes.h"
 425              		.file 5 "<built-in>"
 426              		.file 6 "Generated_Source\\PSoC5/BatteryLed.h"
 427              		.file 7 "Generated_Source\\PSoC5/CyLib.h"
 428              		.file 8 "Generated_Source\\PSoC5/ADC_Battery.h"
 429              		.file 9 "c:\\program files (x86)\\cypress\\psoc creator\\4.0\\psoc creator\\import\\gnu\\arm\\4.9.
 430              		.file 10 "Generated_Source\\PSoC5/UART_1.h"
 431              		.file 11 "Generated_Source\\PSoC5/SW1.h"
 432              		.file 12 ".\\ZumoLibrary/Motor.h"
 433              		.file 13 "Generated_Source\\PSoC5/core_cm3.h"
 434              		.section	.debug_info,"",%progbits
 435              	.Ldebug_info0:
 436 0000 C2050000 		.4byte	0x5c2
ARM GAS  C:\Users\Jukka\AppData\Local\Temp\ccdu8hWA.s 			page 17


 437 0004 0400     		.2byte	0x4
 438 0006 00000000 		.4byte	.Ldebug_abbrev0
 439 000a 04       		.byte	0x4
 440 000b 01       		.uleb128 0x1
 441 000c C7000000 		.4byte	.LASF44
 442 0010 01       		.byte	0x1
 443 0011 41020000 		.4byte	.LASF45
 444 0015 96020000 		.4byte	.LASF46
 445 0019 00000000 		.4byte	.Ldebug_ranges0+0
 446 001d 00000000 		.4byte	0
 447 0021 00000000 		.4byte	.Ldebug_line0
 448 0025 02       		.uleb128 0x2
 449 0026 01       		.byte	0x1
 450 0027 06       		.byte	0x6
 451 0028 88000000 		.4byte	.LASF0
 452 002c 02       		.uleb128 0x2
 453 002d 01       		.byte	0x1
 454 002e 08       		.byte	0x8
 455 002f 62000000 		.4byte	.LASF1
 456 0033 02       		.uleb128 0x2
 457 0034 02       		.byte	0x2
 458 0035 05       		.byte	0x5
 459 0036 64020000 		.4byte	.LASF2
 460 003a 02       		.uleb128 0x2
 461 003b 02       		.byte	0x2
 462 003c 07       		.byte	0x7
 463 003d 36000000 		.4byte	.LASF3
 464 0041 03       		.uleb128 0x3
 465 0042 1A000000 		.4byte	.LASF9
 466 0046 02       		.byte	0x2
 467 0047 3F       		.byte	0x3f
 468 0048 4C000000 		.4byte	0x4c
 469 004c 02       		.uleb128 0x2
 470 004d 04       		.byte	0x4
 471 004e 05       		.byte	0x5
 472 004f 7D020000 		.4byte	.LASF4
 473 0053 02       		.uleb128 0x2
 474 0054 04       		.byte	0x4
 475 0055 07       		.byte	0x7
 476 0056 76000000 		.4byte	.LASF5
 477 005a 02       		.uleb128 0x2
 478 005b 08       		.byte	0x8
 479 005c 05       		.byte	0x5
 480 005d 22020000 		.4byte	.LASF6
 481 0061 02       		.uleb128 0x2
 482 0062 08       		.byte	0x8
 483 0063 07       		.byte	0x7
 484 0064 89010000 		.4byte	.LASF7
 485 0068 04       		.uleb128 0x4
 486 0069 04       		.byte	0x4
 487 006a 05       		.byte	0x5
 488 006b 696E7400 		.ascii	"int\000"
 489 006f 02       		.uleb128 0x2
 490 0070 04       		.byte	0x4
 491 0071 07       		.byte	0x7
 492 0072 64010000 		.4byte	.LASF8
 493 0076 03       		.uleb128 0x3
ARM GAS  C:\Users\Jukka\AppData\Local\Temp\ccdu8hWA.s 			page 18


 494 0077 49000000 		.4byte	.LASF10
 495 007b 03       		.byte	0x3
 496 007c 2C       		.byte	0x2c
 497 007d 41000000 		.4byte	0x41
 498 0081 05       		.uleb128 0x5
 499 0082 6E020000 		.4byte	.LASF11
 500 0086 04       		.byte	0x4
 501 0087 9201     		.2byte	0x192
 502 0089 2C000000 		.4byte	0x2c
 503 008d 05       		.uleb128 0x5
 504 008e C0000000 		.4byte	.LASF12
 505 0092 04       		.byte	0x4
 506 0093 9401     		.2byte	0x194
 507 0095 53000000 		.4byte	0x53
 508 0099 05       		.uleb128 0x5
 509 009a 70000000 		.4byte	.LASF13
 510 009e 04       		.byte	0x4
 511 009f 9601     		.2byte	0x196
 512 00a1 33000000 		.4byte	0x33
 513 00a5 05       		.uleb128 0x5
 514 00a6 B8000000 		.4byte	.LASF14
 515 00aa 04       		.byte	0x4
 516 00ab 9801     		.2byte	0x198
 517 00ad B1000000 		.4byte	0xb1
 518 00b1 02       		.uleb128 0x2
 519 00b2 04       		.byte	0x4
 520 00b3 04       		.byte	0x4
 521 00b4 57000000 		.4byte	.LASF15
 522 00b8 02       		.uleb128 0x2
 523 00b9 08       		.byte	0x8
 524 00ba 04       		.byte	0x4
 525 00bb A1000000 		.4byte	.LASF16
 526 00bf 02       		.uleb128 0x2
 527 00c0 01       		.byte	0x1
 528 00c1 08       		.byte	0x8
 529 00c2 48020000 		.4byte	.LASF17
 530 00c6 02       		.uleb128 0x2
 531 00c7 04       		.byte	0x4
 532 00c8 07       		.byte	0x7
 533 00c9 19020000 		.4byte	.LASF18
 534 00cd 06       		.uleb128 0x6
 535 00ce 04       		.byte	0x4
 536 00cf BF000000 		.4byte	0xbf
 537 00d3 06       		.uleb128 0x6
 538 00d4 04       		.byte	0x4
 539 00d5 D9000000 		.4byte	0xd9
 540 00d9 07       		.uleb128 0x7
 541 00da BF000000 		.4byte	0xbf
 542 00de 02       		.uleb128 0x2
 543 00df 08       		.byte	0x8
 544 00e0 04       		.byte	0x4
 545 00e1 FF010000 		.4byte	.LASF19
 546 00e5 08       		.uleb128 0x8
 547 00e6 0D000000 		.4byte	.LASF20
 548 00ea 01       		.byte	0x1
 549 00eb 6E       		.byte	0x6e
 550 00ec 00000000 		.4byte	.LFB65
ARM GAS  C:\Users\Jukka\AppData\Local\Temp\ccdu8hWA.s 			page 19


 551 00f0 28000000 		.4byte	.LFE65-.LFB65
 552 00f4 01       		.uleb128 0x1
 553 00f5 9C       		.byte	0x9c
 554 00f6 5D010000 		.4byte	0x15d
 555 00fa 09       		.uleb128 0x9
 556 00fb 08000000 		.4byte	.LVL0
 557 00ff CE040000 		.4byte	0x4ce
 558 0103 11010000 		.4byte	0x111
 559 0107 0A       		.uleb128 0xa
 560 0108 01       		.uleb128 0x1
 561 0109 50       		.byte	0x50
 562 010a 05       		.uleb128 0x5
 563 010b 03       		.byte	0x3
 564 010c 00000000 		.4byte	.LC0
 565 0110 00       		.byte	0
 566 0111 09       		.uleb128 0x9
 567 0112 0E000000 		.4byte	.LVL1
 568 0116 E7040000 		.4byte	0x4e7
 569 011a 24010000 		.4byte	0x124
 570 011e 0A       		.uleb128 0xa
 571 011f 01       		.uleb128 0x1
 572 0120 50       		.byte	0x50
 573 0121 01       		.uleb128 0x1
 574 0122 31       		.byte	0x31
 575 0123 00       		.byte	0
 576 0124 09       		.uleb128 0x9
 577 0125 14000000 		.4byte	.LVL2
 578 0129 F8040000 		.4byte	0x4f8
 579 012d 38010000 		.4byte	0x138
 580 0131 0A       		.uleb128 0xa
 581 0132 01       		.uleb128 0x1
 582 0133 50       		.byte	0x50
 583 0134 02       		.uleb128 0x2
 584 0135 08       		.byte	0x8
 585 0136 32       		.byte	0x32
 586 0137 00       		.byte	0
 587 0138 09       		.uleb128 0x9
 588 0139 1A000000 		.4byte	.LVL3
 589 013d E7040000 		.4byte	0x4e7
 590 0141 4B010000 		.4byte	0x14b
 591 0145 0A       		.uleb128 0xa
 592 0146 01       		.uleb128 0x1
 593 0147 50       		.byte	0x50
 594 0148 01       		.uleb128 0x1
 595 0149 30       		.byte	0x30
 596 014a 00       		.byte	0
 597 014b 0B       		.uleb128 0xb
 598 014c 22000000 		.4byte	.LVL4
 599 0150 F8040000 		.4byte	0x4f8
 600 0154 0A       		.uleb128 0xa
 601 0155 01       		.uleb128 0x1
 602 0156 50       		.byte	0x50
 603 0157 03       		.uleb128 0x3
 604 0158 0A       		.byte	0xa
 605 0159 F401     		.2byte	0x1f4
 606 015b 00       		.byte	0
 607 015c 00       		.byte	0
ARM GAS  C:\Users\Jukka\AppData\Local\Temp\ccdu8hWA.s 			page 20


 608 015d 0C       		.uleb128 0xc
 609 015e 0B020000 		.4byte	.LASF21
 610 0162 01       		.byte	0x1
 611 0163 5C       		.byte	0x5c
 612 0164 00000000 		.4byte	.LFB64
 613 0168 58000000 		.4byte	.LFE64-.LFB64
 614 016c 01       		.uleb128 0x1
 615 016d 9C       		.byte	0x9c
 616 016e 07020000 		.4byte	0x207
 617 0172 0D       		.uleb128 0xd
 618 0173 4D020000 		.4byte	.LASF22
 619 0177 01       		.byte	0x1
 620 0178 5D       		.byte	0x5d
 621 0179 99000000 		.4byte	0x99
 622 017d 00000000 		.4byte	.LLST0
 623 0181 0D       		.uleb128 0xd
 624 0182 F9010000 		.4byte	.LASF23
 625 0186 01       		.byte	0x1
 626 0187 5E       		.byte	0x5e
 627 0188 B1000000 		.4byte	0xb1
 628 018c 2B000000 		.4byte	.LLST1
 629 0190 0E       		.uleb128 0xe
 630 0191 06000000 		.4byte	.LVL6
 631 0195 09050000 		.4byte	0x509
 632 0199 09       		.uleb128 0x9
 633 019a 0C000000 		.4byte	.LVL7
 634 019e 10050000 		.4byte	0x510
 635 01a2 AC010000 		.4byte	0x1ac
 636 01a6 0A       		.uleb128 0xa
 637 01a7 01       		.uleb128 0x1
 638 01a8 50       		.byte	0x50
 639 01a9 01       		.uleb128 0x1
 640 01aa 30       		.byte	0x30
 641 01ab 00       		.byte	0
 642 01ac 0E       		.uleb128 0xe
 643 01ad 12000000 		.4byte	.LVL8
 644 01b1 25050000 		.4byte	0x525
 645 01b5 09       		.uleb128 0x9
 646 01b6 18000000 		.4byte	.LVL10
 647 01ba 30050000 		.4byte	0x530
 648 01be C9010000 		.4byte	0x1c9
 649 01c2 0A       		.uleb128 0xa
 650 01c3 01       		.uleb128 0x1
 651 01c4 50       		.byte	0x50
 652 01c5 02       		.uleb128 0x2
 653 01c6 75       		.byte	0x75
 654 01c7 00       		.sleb128 0
 655 01c8 00       		.byte	0
 656 01c9 09       		.uleb128 0x9
 657 01ca 32000000 		.4byte	.LVL14
 658 01ce 45050000 		.4byte	0x545
 659 01d2 E6010000 		.4byte	0x1e6
 660 01d6 0A       		.uleb128 0xa
 661 01d7 01       		.uleb128 0x1
 662 01d8 51       		.byte	0x51
 663 01d9 02       		.uleb128 0x2
 664 01da 75       		.byte	0x75
ARM GAS  C:\Users\Jukka\AppData\Local\Temp\ccdu8hWA.s 			page 21


 665 01db 00       		.sleb128 0
 666 01dc 0A       		.uleb128 0xa
 667 01dd 01       		.uleb128 0x1
 668 01de 50       		.byte	0x50
 669 01df 05       		.uleb128 0x5
 670 01e0 03       		.byte	0x3
 671 01e1 0C000000 		.4byte	.LC1
 672 01e5 00       		.byte	0
 673 01e6 09       		.uleb128 0x9
 674 01e7 48000000 		.4byte	.LVL18
 675 01eb CE040000 		.4byte	0x4ce
 676 01ef FD010000 		.4byte	0x1fd
 677 01f3 0A       		.uleb128 0xa
 678 01f4 01       		.uleb128 0x1
 679 01f5 50       		.byte	0x50
 680 01f6 05       		.uleb128 0x5
 681 01f7 03       		.byte	0x3
 682 01f8 14000000 		.4byte	.LC2
 683 01fc 00       		.byte	0
 684 01fd 0E       		.uleb128 0xe
 685 01fe 4C000000 		.4byte	.LVL19
 686 0202 E5000000 		.4byte	0xe5
 687 0206 00       		.byte	0
 688 0207 0F       		.uleb128 0xf
 689 0208 B3000000 		.4byte	.LASF47
 690 020c 01       		.byte	0x1
 691 020d 38       		.byte	0x38
 692 020e 68000000 		.4byte	0x68
 693 0212 00000000 		.4byte	.LFB63
 694 0216 A8000000 		.4byte	.LFE63-.LFB63
 695 021a 01       		.uleb128 0x1
 696 021b 9C       		.byte	0x9c
 697 021c B2030000 		.4byte	0x3b2
 698 0220 0E       		.uleb128 0xe
 699 0221 08000000 		.4byte	.LVL21
 700 0225 5B050000 		.4byte	0x55b
 701 0229 0E       		.uleb128 0xe
 702 022a 0C000000 		.4byte	.LVL22
 703 022e 62050000 		.4byte	0x562
 704 0232 09       		.uleb128 0x9
 705 0233 12000000 		.4byte	.LVL23
 706 0237 CE040000 		.4byte	0x4ce
 707 023b 49020000 		.4byte	0x249
 708 023f 0A       		.uleb128 0xa
 709 0240 01       		.uleb128 0x1
 710 0241 50       		.byte	0x50
 711 0242 05       		.uleb128 0x5
 712 0243 03       		.byte	0x3
 713 0244 24000000 		.4byte	.LC3
 714 0248 00       		.byte	0
 715 0249 0E       		.uleb128 0xe
 716 024a 16000000 		.4byte	.LVL24
 717 024e 69050000 		.4byte	0x569
 718 0252 09       		.uleb128 0x9
 719 0253 20000000 		.4byte	.LVL25
 720 0257 CE040000 		.4byte	0x4ce
 721 025b 69020000 		.4byte	0x269
ARM GAS  C:\Users\Jukka\AppData\Local\Temp\ccdu8hWA.s 			page 22


 722 025f 0A       		.uleb128 0xa
 723 0260 01       		.uleb128 0x1
 724 0261 50       		.byte	0x50
 725 0262 05       		.uleb128 0x5
 726 0263 03       		.byte	0x3
 727 0264 2C000000 		.4byte	.LC4
 728 0268 00       		.byte	0
 729 0269 09       		.uleb128 0x9
 730 026a 26000000 		.4byte	.LVL26
 731 026e E7040000 		.4byte	0x4e7
 732 0272 7C020000 		.4byte	0x27c
 733 0276 0A       		.uleb128 0xa
 734 0277 01       		.uleb128 0x1
 735 0278 50       		.byte	0x50
 736 0279 01       		.uleb128 0x1
 737 027a 31       		.byte	0x31
 738 027b 00       		.byte	0
 739 027c 0E       		.uleb128 0xe
 740 027d 2A000000 		.4byte	.LVL27
 741 0281 5D010000 		.4byte	0x15d
 742 0285 09       		.uleb128 0x9
 743 0286 32000000 		.4byte	.LVL28
 744 028a F8040000 		.4byte	0x4f8
 745 028e 9A020000 		.4byte	0x29a
 746 0292 0A       		.uleb128 0xa
 747 0293 01       		.uleb128 0x1
 748 0294 50       		.byte	0x50
 749 0295 03       		.uleb128 0x3
 750 0296 0A       		.byte	0xa
 751 0297 D007     		.2byte	0x7d0
 752 0299 00       		.byte	0
 753 029a 0E       		.uleb128 0xe
 754 029b 36000000 		.4byte	.LVL29
 755 029f 74050000 		.4byte	0x574
 756 02a3 09       		.uleb128 0x9
 757 02a4 42000000 		.4byte	.LVL30
 758 02a8 81050000 		.4byte	0x581
 759 02ac C4020000 		.4byte	0x2c4
 760 02b0 0A       		.uleb128 0xa
 761 02b1 01       		.uleb128 0x1
 762 02b2 52       		.byte	0x52
 763 02b3 03       		.uleb128 0x3
 764 02b4 0A       		.byte	0xa
 765 02b5 0807     		.2byte	0x708
 766 02b7 0A       		.uleb128 0xa
 767 02b8 01       		.uleb128 0x1
 768 02b9 51       		.byte	0x51
 769 02ba 02       		.uleb128 0x2
 770 02bb 09       		.byte	0x9
 771 02bc FA       		.byte	0xfa
 772 02bd 0A       		.uleb128 0xa
 773 02be 01       		.uleb128 0x1
 774 02bf 50       		.byte	0x50
 775 02c0 02       		.uleb128 0x2
 776 02c1 09       		.byte	0x9
 777 02c2 E6       		.byte	0xe6
 778 02c3 00       		.byte	0
ARM GAS  C:\Users\Jukka\AppData\Local\Temp\ccdu8hWA.s 			page 23


 779 02c4 09       		.uleb128 0x9
 780 02c5 4E000000 		.4byte	.LVL31
 781 02c9 81050000 		.4byte	0x581
 782 02cd E4020000 		.4byte	0x2e4
 783 02d1 0A       		.uleb128 0xa
 784 02d2 01       		.uleb128 0x1
 785 02d3 52       		.byte	0x52
 786 02d4 03       		.uleb128 0x3
 787 02d5 0A       		.byte	0xa
 788 02d6 4F01     		.2byte	0x14f
 789 02d8 0A       		.uleb128 0xa
 790 02d9 01       		.uleb128 0x1
 791 02da 51       		.byte	0x51
 792 02db 01       		.uleb128 0x1
 793 02dc 3A       		.byte	0x3a
 794 02dd 0A       		.uleb128 0xa
 795 02de 01       		.uleb128 0x1
 796 02df 50       		.byte	0x50
 797 02e0 02       		.uleb128 0x2
 798 02e1 09       		.byte	0x9
 799 02e2 FA       		.byte	0xfa
 800 02e3 00       		.byte	0
 801 02e4 09       		.uleb128 0x9
 802 02e5 5A000000 		.4byte	.LVL32
 803 02e9 81050000 		.4byte	0x581
 804 02ed 05030000 		.4byte	0x305
 805 02f1 0A       		.uleb128 0xa
 806 02f2 01       		.uleb128 0x1
 807 02f3 52       		.byte	0x52
 808 02f4 03       		.uleb128 0x3
 809 02f5 0A       		.byte	0xa
 810 02f6 1405     		.2byte	0x514
 811 02f8 0A       		.uleb128 0xa
 812 02f9 01       		.uleb128 0x1
 813 02fa 51       		.byte	0x51
 814 02fb 02       		.uleb128 0x2
 815 02fc 09       		.byte	0x9
 816 02fd FA       		.byte	0xfa
 817 02fe 0A       		.uleb128 0xa
 818 02ff 01       		.uleb128 0x1
 819 0300 50       		.byte	0x50
 820 0301 02       		.uleb128 0x2
 821 0302 09       		.byte	0x9
 822 0303 E6       		.byte	0xe6
 823 0304 00       		.byte	0
 824 0305 09       		.uleb128 0x9
 825 0306 66000000 		.4byte	.LVL33
 826 030a 81050000 		.4byte	0x581
 827 030e 25030000 		.4byte	0x325
 828 0312 0A       		.uleb128 0xa
 829 0313 01       		.uleb128 0x1
 830 0314 52       		.byte	0x52
 831 0315 03       		.uleb128 0x3
 832 0316 0A       		.byte	0xa
 833 0317 4F01     		.2byte	0x14f
 834 0319 0A       		.uleb128 0xa
 835 031a 01       		.uleb128 0x1
ARM GAS  C:\Users\Jukka\AppData\Local\Temp\ccdu8hWA.s 			page 24


 836 031b 51       		.byte	0x51
 837 031c 01       		.uleb128 0x1
 838 031d 3A       		.byte	0x3a
 839 031e 0A       		.uleb128 0xa
 840 031f 01       		.uleb128 0x1
 841 0320 50       		.byte	0x50
 842 0321 02       		.uleb128 0x2
 843 0322 09       		.byte	0x9
 844 0323 FA       		.byte	0xfa
 845 0324 00       		.byte	0
 846 0325 09       		.uleb128 0x9
 847 0326 72000000 		.4byte	.LVL34
 848 032a 81050000 		.4byte	0x581
 849 032e 46030000 		.4byte	0x346
 850 0332 0A       		.uleb128 0xa
 851 0333 01       		.uleb128 0x1
 852 0334 52       		.byte	0x52
 853 0335 03       		.uleb128 0x3
 854 0336 0A       		.byte	0xa
 855 0337 7805     		.2byte	0x578
 856 0339 0A       		.uleb128 0xa
 857 033a 01       		.uleb128 0x1
 858 033b 51       		.byte	0x51
 859 033c 02       		.uleb128 0x2
 860 033d 09       		.byte	0x9
 861 033e FA       		.byte	0xfa
 862 033f 0A       		.uleb128 0xa
 863 0340 01       		.uleb128 0x1
 864 0341 50       		.byte	0x50
 865 0342 02       		.uleb128 0x2
 866 0343 09       		.byte	0x9
 867 0344 E6       		.byte	0xe6
 868 0345 00       		.byte	0
 869 0346 09       		.uleb128 0x9
 870 0347 7E000000 		.4byte	.LVL35
 871 034b 81050000 		.4byte	0x581
 872 034f 66030000 		.4byte	0x366
 873 0353 0A       		.uleb128 0xa
 874 0354 01       		.uleb128 0x1
 875 0355 52       		.byte	0x52
 876 0356 03       		.uleb128 0x3
 877 0357 0A       		.byte	0xa
 878 0358 7701     		.2byte	0x177
 879 035a 0A       		.uleb128 0xa
 880 035b 01       		.uleb128 0x1
 881 035c 51       		.byte	0x51
 882 035d 01       		.uleb128 0x1
 883 035e 3A       		.byte	0x3a
 884 035f 0A       		.uleb128 0xa
 885 0360 01       		.uleb128 0x1
 886 0361 50       		.byte	0x50
 887 0362 02       		.uleb128 0x2
 888 0363 09       		.byte	0x9
 889 0364 FA       		.byte	0xfa
 890 0365 00       		.byte	0
 891 0366 09       		.uleb128 0x9
 892 0367 8A000000 		.4byte	.LVL36
ARM GAS  C:\Users\Jukka\AppData\Local\Temp\ccdu8hWA.s 			page 25


 893 036b 81050000 		.4byte	0x581
 894 036f 87030000 		.4byte	0x387
 895 0373 0A       		.uleb128 0xa
 896 0374 01       		.uleb128 0x1
 897 0375 52       		.byte	0x52
 898 0376 03       		.uleb128 0x3
 899 0377 0A       		.byte	0xa
 900 0378 D007     		.2byte	0x7d0
 901 037a 0A       		.uleb128 0xa
 902 037b 01       		.uleb128 0x1
 903 037c 51       		.byte	0x51
 904 037d 02       		.uleb128 0x2
 905 037e 09       		.byte	0x9
 906 037f 96       		.byte	0x96
 907 0380 0A       		.uleb128 0xa
 908 0381 01       		.uleb128 0x1
 909 0382 50       		.byte	0x50
 910 0383 02       		.uleb128 0x2
 911 0384 09       		.byte	0x9
 912 0385 C8       		.byte	0xc8
 913 0386 00       		.byte	0
 914 0387 09       		.uleb128 0x9
 915 0388 96000000 		.4byte	.LVL37
 916 038c 81050000 		.4byte	0x581
 917 0390 A8030000 		.4byte	0x3a8
 918 0394 0A       		.uleb128 0xa
 919 0395 01       		.uleb128 0x1
 920 0396 52       		.byte	0x52
 921 0397 03       		.uleb128 0x3
 922 0398 0A       		.byte	0xa
 923 0399 2C01     		.2byte	0x12c
 924 039b 0A       		.uleb128 0xa
 925 039c 01       		.uleb128 0x1
 926 039d 51       		.byte	0x51
 927 039e 02       		.uleb128 0x2
 928 039f 09       		.byte	0x9
 929 03a0 FA       		.byte	0xfa
 930 03a1 0A       		.uleb128 0xa
 931 03a2 01       		.uleb128 0x1
 932 03a3 50       		.byte	0x50
 933 03a4 02       		.uleb128 0x2
 934 03a5 09       		.byte	0x9
 935 03a6 E9       		.byte	0xe9
 936 03a7 00       		.byte	0
 937 03a8 0E       		.uleb128 0xe
 938 03a9 9A000000 		.4byte	.LVL38
 939 03ad 9C050000 		.4byte	0x59c
 940 03b1 00       		.byte	0
 941 03b2 10       		.uleb128 0x10
 942 03b3 AC010000 		.4byte	.LASF25
 943 03b7 01       		.byte	0x1
 944 03b8 8D01     		.2byte	0x18d
 945 03ba 68000000 		.4byte	0x68
 946 03be 00000000 		.4byte	.LFB66
 947 03c2 2A000000 		.4byte	.LFE66-.LFB66
 948 03c6 01       		.uleb128 0x1
 949 03c7 9C       		.byte	0x9c
ARM GAS  C:\Users\Jukka\AppData\Local\Temp\ccdu8hWA.s 			page 26


 950 03c8 27040000 		.4byte	0x427
 951 03cc 11       		.uleb128 0x11
 952 03cd 5D000000 		.4byte	.LASF24
 953 03d1 01       		.byte	0x1
 954 03d2 8D01     		.2byte	0x18d
 955 03d4 68000000 		.4byte	0x68
 956 03d8 74000000 		.4byte	.LLST2
 957 03dc 12       		.uleb128 0x12
 958 03dd 70747200 		.ascii	"ptr\000"
 959 03e1 01       		.byte	0x1
 960 03e2 8D01     		.2byte	0x18d
 961 03e4 CD000000 		.4byte	0xcd
 962 03e8 95000000 		.4byte	.LLST3
 963 03ec 12       		.uleb128 0x12
 964 03ed 6C656E00 		.ascii	"len\000"
 965 03f1 01       		.byte	0x1
 966 03f2 8D01     		.2byte	0x18d
 967 03f4 68000000 		.4byte	0x68
 968 03f8 C9000000 		.4byte	.LLST4
 969 03fc 13       		.uleb128 0x13
 970 03fd 6E00     		.ascii	"n\000"
 971 03ff 01       		.byte	0x1
 972 0400 9001     		.2byte	0x190
 973 0402 68000000 		.4byte	0x68
 974 0406 E7000000 		.4byte	.LLST5
 975 040a 09       		.uleb128 0x9
 976 040b 16000000 		.4byte	.LVL42
 977 040f A9050000 		.4byte	0x5a9
 978 0413 1D040000 		.4byte	0x41d
 979 0417 0A       		.uleb128 0xa
 980 0418 01       		.uleb128 0x1
 981 0419 50       		.byte	0x50
 982 041a 01       		.uleb128 0x1
 983 041b 3D       		.byte	0x3d
 984 041c 00       		.byte	0
 985 041d 0E       		.uleb128 0xe
 986 041e 1E000000 		.4byte	.LVL44
 987 0422 A9050000 		.4byte	0x5a9
 988 0426 00       		.byte	0
 989 0427 10       		.uleb128 0x10
 990 0428 51000000 		.4byte	.LASF26
 991 042c 01       		.byte	0x1
 992 042d 9801     		.2byte	0x198
 993 042f 68000000 		.4byte	0x68
 994 0433 00000000 		.4byte	.LFB67
 995 0437 38000000 		.4byte	.LFE67-.LFB67
 996 043b 01       		.uleb128 0x1
 997 043c 9C       		.byte	0x9c
 998 043d BD040000 		.4byte	0x4bd
 999 0441 11       		.uleb128 0x11
 1000 0442 5D000000 		.4byte	.LASF24
 1001 0446 01       		.byte	0x1
 1002 0447 9801     		.2byte	0x198
 1003 0449 68000000 		.4byte	0x68
 1004 044d 06010000 		.4byte	.LLST6
 1005 0451 12       		.uleb128 0x12
 1006 0452 70747200 		.ascii	"ptr\000"
ARM GAS  C:\Users\Jukka\AppData\Local\Temp\ccdu8hWA.s 			page 27


 1007 0456 01       		.byte	0x1
 1008 0457 9801     		.2byte	0x198
 1009 0459 CD000000 		.4byte	0xcd
 1010 045d 27010000 		.4byte	.LLST7
 1011 0461 11       		.uleb128 0x11
 1012 0462 5E020000 		.4byte	.LASF27
 1013 0466 01       		.byte	0x1
 1014 0467 9801     		.2byte	0x198
 1015 0469 68000000 		.4byte	0x68
 1016 046d 5B010000 		.4byte	.LLST8
 1017 0471 13       		.uleb128 0x13
 1018 0472 63687300 		.ascii	"chs\000"
 1019 0476 01       		.byte	0x1
 1020 0477 9A01     		.2byte	0x19a
 1021 0479 68000000 		.4byte	0x68
 1022 047d 79010000 		.4byte	.LLST9
 1023 0481 13       		.uleb128 0x13
 1024 0482 636800   		.ascii	"ch\000"
 1025 0485 01       		.byte	0x1
 1026 0486 9B01     		.2byte	0x19b
 1027 0488 BF000000 		.4byte	0xbf
 1028 048c 98010000 		.4byte	.LLST10
 1029 0490 0E       		.uleb128 0xe
 1030 0491 0E000000 		.4byte	.LVL50
 1031 0495 BA050000 		.4byte	0x5ba
 1032 0499 09       		.uleb128 0x9
 1033 049a 16000000 		.4byte	.LVL51
 1034 049e A9050000 		.4byte	0x5a9
 1035 04a2 AD040000 		.4byte	0x4ad
 1036 04a6 0A       		.uleb128 0xa
 1037 04a7 01       		.uleb128 0x1
 1038 04a8 50       		.byte	0x50
 1039 04a9 02       		.uleb128 0x2
 1040 04aa 75       		.byte	0x75
 1041 04ab 00       		.sleb128 0
 1042 04ac 00       		.byte	0
 1043 04ad 0B       		.uleb128 0xb
 1044 04ae 22000000 		.4byte	.LVL54
 1045 04b2 A9050000 		.4byte	0x5a9
 1046 04b6 0A       		.uleb128 0xa
 1047 04b7 01       		.uleb128 0x1
 1048 04b8 50       		.byte	0x50
 1049 04b9 01       		.uleb128 0x1
 1050 04ba 3A       		.byte	0x3a
 1051 04bb 00       		.byte	0
 1052 04bc 00       		.byte	0
 1053 04bd 14       		.uleb128 0x14
 1054 04be 94000000 		.4byte	.LASF48
 1055 04c2 0D       		.byte	0xd
 1056 04c3 9606     		.2byte	0x696
 1057 04c5 C9040000 		.4byte	0x4c9
 1058 04c9 15       		.uleb128 0x15
 1059 04ca 76000000 		.4byte	0x76
 1060 04ce 16       		.uleb128 0x16
 1061 04cf EA010000 		.4byte	.LASF28
 1062 04d3 05       		.byte	0x5
 1063 04d4 00       		.byte	0
ARM GAS  C:\Users\Jukka\AppData\Local\Temp\ccdu8hWA.s 			page 28


 1064 04d5 86020000 		.4byte	.LASF49
 1065 04d9 68000000 		.4byte	0x68
 1066 04dd E7040000 		.4byte	0x4e7
 1067 04e1 17       		.uleb128 0x17
 1068 04e2 D3000000 		.4byte	0xd3
 1069 04e6 00       		.byte	0
 1070 04e7 18       		.uleb128 0x18
 1071 04e8 30020000 		.4byte	.LASF29
 1072 04ec 06       		.byte	0x6
 1073 04ed 26       		.byte	0x26
 1074 04ee F8040000 		.4byte	0x4f8
 1075 04f2 17       		.uleb128 0x17
 1076 04f3 81000000 		.4byte	0x81
 1077 04f7 00       		.byte	0
 1078 04f8 18       		.uleb128 0x18
 1079 04f9 05030000 		.4byte	.LASF30
 1080 04fd 07       		.byte	0x7
 1081 04fe 76       		.byte	0x76
 1082 04ff 09050000 		.4byte	0x509
 1083 0503 17       		.uleb128 0x17
 1084 0504 8D000000 		.4byte	0x8d
 1085 0508 00       		.byte	0
 1086 0509 19       		.uleb128 0x19
 1087 050a EC020000 		.4byte	.LASF34
 1088 050e 08       		.byte	0x8
 1089 050f D1       		.byte	0xd1
 1090 0510 1A       		.uleb128 0x1a
 1091 0511 CE010000 		.4byte	.LASF31
 1092 0515 08       		.byte	0x8
 1093 0516 39       		.byte	0x39
 1094 0517 81000000 		.4byte	0x81
 1095 051b 25050000 		.4byte	0x525
 1096 051f 17       		.uleb128 0x17
 1097 0520 81000000 		.4byte	0x81
 1098 0524 00       		.byte	0
 1099 0525 1B       		.uleb128 0x1b
 1100 0526 71010000 		.4byte	.LASF37
 1101 052a 08       		.byte	0x8
 1102 052b 3B       		.byte	0x3b
 1103 052c 99000000 		.4byte	0x99
 1104 0530 1A       		.uleb128 0x1a
 1105 0531 B3010000 		.4byte	.LASF32
 1106 0535 08       		.byte	0x8
 1107 0536 41       		.byte	0x41
 1108 0537 A5000000 		.4byte	0xa5
 1109 053b 45050000 		.4byte	0x545
 1110 053f 17       		.uleb128 0x17
 1111 0540 99000000 		.4byte	0x99
 1112 0544 00       		.byte	0
 1113 0545 1A       		.uleb128 0x1a
 1114 0546 57020000 		.4byte	.LASF33
 1115 054a 09       		.byte	0x9
 1116 054b B2       		.byte	0xb2
 1117 054c 68000000 		.4byte	0x68
 1118 0550 5B050000 		.4byte	0x55b
 1119 0554 17       		.uleb128 0x17
 1120 0555 D3000000 		.4byte	0xd3
ARM GAS  C:\Users\Jukka\AppData\Local\Temp\ccdu8hWA.s 			page 29


 1121 0559 1C       		.uleb128 0x1c
 1122 055a 00       		.byte	0
 1123 055b 19       		.uleb128 0x19
 1124 055c 00000000 		.4byte	.LASF35
 1125 0560 0A       		.byte	0xa
 1126 0561 54       		.byte	0x54
 1127 0562 19       		.uleb128 0x19
 1128 0563 24000000 		.4byte	.LASF36
 1129 0567 08       		.byte	0x8
 1130 0568 34       		.byte	0x34
 1131 0569 1B       		.uleb128 0x1b
 1132 056a 74020000 		.4byte	.LASF38
 1133 056e 0B       		.byte	0xb
 1134 056f 29       		.byte	0x29
 1135 0570 81000000 		.4byte	0x81
 1136 0574 1D       		.uleb128 0x1d
 1137 0575 A0010000 		.4byte	.LASF40
 1138 0579 0C       		.byte	0xc
 1139 057a 0B       		.byte	0xb
 1140 057b 81050000 		.4byte	0x581
 1141 057f 1C       		.uleb128 0x1c
 1142 0580 00       		.byte	0
 1143 0581 18       		.uleb128 0x18
 1144 0582 8B020000 		.4byte	.LASF39
 1145 0586 0C       		.byte	0xc
 1146 0587 12       		.byte	0x12
 1147 0588 9C050000 		.4byte	0x59c
 1148 058c 17       		.uleb128 0x17
 1149 058d 81000000 		.4byte	0x81
 1150 0591 17       		.uleb128 0x17
 1151 0592 81000000 		.4byte	0x81
 1152 0596 17       		.uleb128 0x17
 1153 0597 8D000000 		.4byte	0x8d
 1154 059b 00       		.byte	0
 1155 059c 1D       		.uleb128 0x1d
 1156 059d A8000000 		.4byte	.LASF41
 1157 05a1 0C       		.byte	0xc
 1158 05a2 0C       		.byte	0xc
 1159 05a3 A9050000 		.4byte	0x5a9
 1160 05a7 1C       		.uleb128 0x1c
 1161 05a8 00       		.byte	0
 1162 05a9 18       		.uleb128 0x18
 1163 05aa 55010000 		.4byte	.LASF42
 1164 05ae 0A       		.byte	0xa
 1165 05af 8A       		.byte	0x8a
 1166 05b0 BA050000 		.4byte	0x5ba
 1167 05b4 17       		.uleb128 0x17
 1168 05b5 81000000 		.4byte	0x81
 1169 05b9 00       		.byte	0
 1170 05ba 1B       		.uleb128 0x1b
 1171 05bb 0D030000 		.4byte	.LASF43
 1172 05bf 0A       		.byte	0xa
 1173 05c0 71       		.byte	0x71
 1174 05c1 81000000 		.4byte	0x81
 1175 05c5 00       		.byte	0
 1176              		.section	.debug_abbrev,"",%progbits
 1177              	.Ldebug_abbrev0:
ARM GAS  C:\Users\Jukka\AppData\Local\Temp\ccdu8hWA.s 			page 30


 1178 0000 01       		.uleb128 0x1
 1179 0001 11       		.uleb128 0x11
 1180 0002 01       		.byte	0x1
 1181 0003 25       		.uleb128 0x25
 1182 0004 0E       		.uleb128 0xe
 1183 0005 13       		.uleb128 0x13
 1184 0006 0B       		.uleb128 0xb
 1185 0007 03       		.uleb128 0x3
 1186 0008 0E       		.uleb128 0xe
 1187 0009 1B       		.uleb128 0x1b
 1188 000a 0E       		.uleb128 0xe
 1189 000b 55       		.uleb128 0x55
 1190 000c 17       		.uleb128 0x17
 1191 000d 11       		.uleb128 0x11
 1192 000e 01       		.uleb128 0x1
 1193 000f 10       		.uleb128 0x10
 1194 0010 17       		.uleb128 0x17
 1195 0011 00       		.byte	0
 1196 0012 00       		.byte	0
 1197 0013 02       		.uleb128 0x2
 1198 0014 24       		.uleb128 0x24
 1199 0015 00       		.byte	0
 1200 0016 0B       		.uleb128 0xb
 1201 0017 0B       		.uleb128 0xb
 1202 0018 3E       		.uleb128 0x3e
 1203 0019 0B       		.uleb128 0xb
 1204 001a 03       		.uleb128 0x3
 1205 001b 0E       		.uleb128 0xe
 1206 001c 00       		.byte	0
 1207 001d 00       		.byte	0
 1208 001e 03       		.uleb128 0x3
 1209 001f 16       		.uleb128 0x16
 1210 0020 00       		.byte	0
 1211 0021 03       		.uleb128 0x3
 1212 0022 0E       		.uleb128 0xe
 1213 0023 3A       		.uleb128 0x3a
 1214 0024 0B       		.uleb128 0xb
 1215 0025 3B       		.uleb128 0x3b
 1216 0026 0B       		.uleb128 0xb
 1217 0027 49       		.uleb128 0x49
 1218 0028 13       		.uleb128 0x13
 1219 0029 00       		.byte	0
 1220 002a 00       		.byte	0
 1221 002b 04       		.uleb128 0x4
 1222 002c 24       		.uleb128 0x24
 1223 002d 00       		.byte	0
 1224 002e 0B       		.uleb128 0xb
 1225 002f 0B       		.uleb128 0xb
 1226 0030 3E       		.uleb128 0x3e
 1227 0031 0B       		.uleb128 0xb
 1228 0032 03       		.uleb128 0x3
 1229 0033 08       		.uleb128 0x8
 1230 0034 00       		.byte	0
 1231 0035 00       		.byte	0
 1232 0036 05       		.uleb128 0x5
 1233 0037 16       		.uleb128 0x16
 1234 0038 00       		.byte	0
ARM GAS  C:\Users\Jukka\AppData\Local\Temp\ccdu8hWA.s 			page 31


 1235 0039 03       		.uleb128 0x3
 1236 003a 0E       		.uleb128 0xe
 1237 003b 3A       		.uleb128 0x3a
 1238 003c 0B       		.uleb128 0xb
 1239 003d 3B       		.uleb128 0x3b
 1240 003e 05       		.uleb128 0x5
 1241 003f 49       		.uleb128 0x49
 1242 0040 13       		.uleb128 0x13
 1243 0041 00       		.byte	0
 1244 0042 00       		.byte	0
 1245 0043 06       		.uleb128 0x6
 1246 0044 0F       		.uleb128 0xf
 1247 0045 00       		.byte	0
 1248 0046 0B       		.uleb128 0xb
 1249 0047 0B       		.uleb128 0xb
 1250 0048 49       		.uleb128 0x49
 1251 0049 13       		.uleb128 0x13
 1252 004a 00       		.byte	0
 1253 004b 00       		.byte	0
 1254 004c 07       		.uleb128 0x7
 1255 004d 26       		.uleb128 0x26
 1256 004e 00       		.byte	0
 1257 004f 49       		.uleb128 0x49
 1258 0050 13       		.uleb128 0x13
 1259 0051 00       		.byte	0
 1260 0052 00       		.byte	0
 1261 0053 08       		.uleb128 0x8
 1262 0054 2E       		.uleb128 0x2e
 1263 0055 01       		.byte	0x1
 1264 0056 3F       		.uleb128 0x3f
 1265 0057 19       		.uleb128 0x19
 1266 0058 03       		.uleb128 0x3
 1267 0059 0E       		.uleb128 0xe
 1268 005a 3A       		.uleb128 0x3a
 1269 005b 0B       		.uleb128 0xb
 1270 005c 3B       		.uleb128 0x3b
 1271 005d 0B       		.uleb128 0xb
 1272 005e 11       		.uleb128 0x11
 1273 005f 01       		.uleb128 0x1
 1274 0060 12       		.uleb128 0x12
 1275 0061 06       		.uleb128 0x6
 1276 0062 40       		.uleb128 0x40
 1277 0063 18       		.uleb128 0x18
 1278 0064 9742     		.uleb128 0x2117
 1279 0066 19       		.uleb128 0x19
 1280 0067 01       		.uleb128 0x1
 1281 0068 13       		.uleb128 0x13
 1282 0069 00       		.byte	0
 1283 006a 00       		.byte	0
 1284 006b 09       		.uleb128 0x9
 1285 006c 898201   		.uleb128 0x4109
 1286 006f 01       		.byte	0x1
 1287 0070 11       		.uleb128 0x11
 1288 0071 01       		.uleb128 0x1
 1289 0072 31       		.uleb128 0x31
 1290 0073 13       		.uleb128 0x13
 1291 0074 01       		.uleb128 0x1
ARM GAS  C:\Users\Jukka\AppData\Local\Temp\ccdu8hWA.s 			page 32


 1292 0075 13       		.uleb128 0x13
 1293 0076 00       		.byte	0
 1294 0077 00       		.byte	0
 1295 0078 0A       		.uleb128 0xa
 1296 0079 8A8201   		.uleb128 0x410a
 1297 007c 00       		.byte	0
 1298 007d 02       		.uleb128 0x2
 1299 007e 18       		.uleb128 0x18
 1300 007f 9142     		.uleb128 0x2111
 1301 0081 18       		.uleb128 0x18
 1302 0082 00       		.byte	0
 1303 0083 00       		.byte	0
 1304 0084 0B       		.uleb128 0xb
 1305 0085 898201   		.uleb128 0x4109
 1306 0088 01       		.byte	0x1
 1307 0089 11       		.uleb128 0x11
 1308 008a 01       		.uleb128 0x1
 1309 008b 31       		.uleb128 0x31
 1310 008c 13       		.uleb128 0x13
 1311 008d 00       		.byte	0
 1312 008e 00       		.byte	0
 1313 008f 0C       		.uleb128 0xc
 1314 0090 2E       		.uleb128 0x2e
 1315 0091 01       		.byte	0x1
 1316 0092 3F       		.uleb128 0x3f
 1317 0093 19       		.uleb128 0x19
 1318 0094 03       		.uleb128 0x3
 1319 0095 0E       		.uleb128 0xe
 1320 0096 3A       		.uleb128 0x3a
 1321 0097 0B       		.uleb128 0xb
 1322 0098 3B       		.uleb128 0x3b
 1323 0099 0B       		.uleb128 0xb
 1324 009a 11       		.uleb128 0x11
 1325 009b 01       		.uleb128 0x1
 1326 009c 12       		.uleb128 0x12
 1327 009d 06       		.uleb128 0x6
 1328 009e 40       		.uleb128 0x40
 1329 009f 18       		.uleb128 0x18
 1330 00a0 9642     		.uleb128 0x2116
 1331 00a2 19       		.uleb128 0x19
 1332 00a3 01       		.uleb128 0x1
 1333 00a4 13       		.uleb128 0x13
 1334 00a5 00       		.byte	0
 1335 00a6 00       		.byte	0
 1336 00a7 0D       		.uleb128 0xd
 1337 00a8 34       		.uleb128 0x34
 1338 00a9 00       		.byte	0
 1339 00aa 03       		.uleb128 0x3
 1340 00ab 0E       		.uleb128 0xe
 1341 00ac 3A       		.uleb128 0x3a
 1342 00ad 0B       		.uleb128 0xb
 1343 00ae 3B       		.uleb128 0x3b
 1344 00af 0B       		.uleb128 0xb
 1345 00b0 49       		.uleb128 0x49
 1346 00b1 13       		.uleb128 0x13
 1347 00b2 02       		.uleb128 0x2
 1348 00b3 17       		.uleb128 0x17
ARM GAS  C:\Users\Jukka\AppData\Local\Temp\ccdu8hWA.s 			page 33


 1349 00b4 00       		.byte	0
 1350 00b5 00       		.byte	0
 1351 00b6 0E       		.uleb128 0xe
 1352 00b7 898201   		.uleb128 0x4109
 1353 00ba 00       		.byte	0
 1354 00bb 11       		.uleb128 0x11
 1355 00bc 01       		.uleb128 0x1
 1356 00bd 31       		.uleb128 0x31
 1357 00be 13       		.uleb128 0x13
 1358 00bf 00       		.byte	0
 1359 00c0 00       		.byte	0
 1360 00c1 0F       		.uleb128 0xf
 1361 00c2 2E       		.uleb128 0x2e
 1362 00c3 01       		.byte	0x1
 1363 00c4 3F       		.uleb128 0x3f
 1364 00c5 19       		.uleb128 0x19
 1365 00c6 03       		.uleb128 0x3
 1366 00c7 0E       		.uleb128 0xe
 1367 00c8 3A       		.uleb128 0x3a
 1368 00c9 0B       		.uleb128 0xb
 1369 00ca 3B       		.uleb128 0x3b
 1370 00cb 0B       		.uleb128 0xb
 1371 00cc 49       		.uleb128 0x49
 1372 00cd 13       		.uleb128 0x13
 1373 00ce 11       		.uleb128 0x11
 1374 00cf 01       		.uleb128 0x1
 1375 00d0 12       		.uleb128 0x12
 1376 00d1 06       		.uleb128 0x6
 1377 00d2 40       		.uleb128 0x40
 1378 00d3 18       		.uleb128 0x18
 1379 00d4 9742     		.uleb128 0x2117
 1380 00d6 19       		.uleb128 0x19
 1381 00d7 01       		.uleb128 0x1
 1382 00d8 13       		.uleb128 0x13
 1383 00d9 00       		.byte	0
 1384 00da 00       		.byte	0
 1385 00db 10       		.uleb128 0x10
 1386 00dc 2E       		.uleb128 0x2e
 1387 00dd 01       		.byte	0x1
 1388 00de 3F       		.uleb128 0x3f
 1389 00df 19       		.uleb128 0x19
 1390 00e0 03       		.uleb128 0x3
 1391 00e1 0E       		.uleb128 0xe
 1392 00e2 3A       		.uleb128 0x3a
 1393 00e3 0B       		.uleb128 0xb
 1394 00e4 3B       		.uleb128 0x3b
 1395 00e5 05       		.uleb128 0x5
 1396 00e6 27       		.uleb128 0x27
 1397 00e7 19       		.uleb128 0x19
 1398 00e8 49       		.uleb128 0x49
 1399 00e9 13       		.uleb128 0x13
 1400 00ea 11       		.uleb128 0x11
 1401 00eb 01       		.uleb128 0x1
 1402 00ec 12       		.uleb128 0x12
 1403 00ed 06       		.uleb128 0x6
 1404 00ee 40       		.uleb128 0x40
 1405 00ef 18       		.uleb128 0x18
ARM GAS  C:\Users\Jukka\AppData\Local\Temp\ccdu8hWA.s 			page 34


 1406 00f0 9742     		.uleb128 0x2117
 1407 00f2 19       		.uleb128 0x19
 1408 00f3 01       		.uleb128 0x1
 1409 00f4 13       		.uleb128 0x13
 1410 00f5 00       		.byte	0
 1411 00f6 00       		.byte	0
 1412 00f7 11       		.uleb128 0x11
 1413 00f8 05       		.uleb128 0x5
 1414 00f9 00       		.byte	0
 1415 00fa 03       		.uleb128 0x3
 1416 00fb 0E       		.uleb128 0xe
 1417 00fc 3A       		.uleb128 0x3a
 1418 00fd 0B       		.uleb128 0xb
 1419 00fe 3B       		.uleb128 0x3b
 1420 00ff 05       		.uleb128 0x5
 1421 0100 49       		.uleb128 0x49
 1422 0101 13       		.uleb128 0x13
 1423 0102 02       		.uleb128 0x2
 1424 0103 17       		.uleb128 0x17
 1425 0104 00       		.byte	0
 1426 0105 00       		.byte	0
 1427 0106 12       		.uleb128 0x12
 1428 0107 05       		.uleb128 0x5
 1429 0108 00       		.byte	0
 1430 0109 03       		.uleb128 0x3
 1431 010a 08       		.uleb128 0x8
 1432 010b 3A       		.uleb128 0x3a
 1433 010c 0B       		.uleb128 0xb
 1434 010d 3B       		.uleb128 0x3b
 1435 010e 05       		.uleb128 0x5
 1436 010f 49       		.uleb128 0x49
 1437 0110 13       		.uleb128 0x13
 1438 0111 02       		.uleb128 0x2
 1439 0112 17       		.uleb128 0x17
 1440 0113 00       		.byte	0
 1441 0114 00       		.byte	0
 1442 0115 13       		.uleb128 0x13
 1443 0116 34       		.uleb128 0x34
 1444 0117 00       		.byte	0
 1445 0118 03       		.uleb128 0x3
 1446 0119 08       		.uleb128 0x8
 1447 011a 3A       		.uleb128 0x3a
 1448 011b 0B       		.uleb128 0xb
 1449 011c 3B       		.uleb128 0x3b
 1450 011d 05       		.uleb128 0x5
 1451 011e 49       		.uleb128 0x49
 1452 011f 13       		.uleb128 0x13
 1453 0120 02       		.uleb128 0x2
 1454 0121 17       		.uleb128 0x17
 1455 0122 00       		.byte	0
 1456 0123 00       		.byte	0
 1457 0124 14       		.uleb128 0x14
 1458 0125 34       		.uleb128 0x34
 1459 0126 00       		.byte	0
 1460 0127 03       		.uleb128 0x3
 1461 0128 0E       		.uleb128 0xe
 1462 0129 3A       		.uleb128 0x3a
ARM GAS  C:\Users\Jukka\AppData\Local\Temp\ccdu8hWA.s 			page 35


 1463 012a 0B       		.uleb128 0xb
 1464 012b 3B       		.uleb128 0x3b
 1465 012c 05       		.uleb128 0x5
 1466 012d 49       		.uleb128 0x49
 1467 012e 13       		.uleb128 0x13
 1468 012f 3F       		.uleb128 0x3f
 1469 0130 19       		.uleb128 0x19
 1470 0131 3C       		.uleb128 0x3c
 1471 0132 19       		.uleb128 0x19
 1472 0133 00       		.byte	0
 1473 0134 00       		.byte	0
 1474 0135 15       		.uleb128 0x15
 1475 0136 35       		.uleb128 0x35
 1476 0137 00       		.byte	0
 1477 0138 49       		.uleb128 0x49
 1478 0139 13       		.uleb128 0x13
 1479 013a 00       		.byte	0
 1480 013b 00       		.byte	0
 1481 013c 16       		.uleb128 0x16
 1482 013d 2E       		.uleb128 0x2e
 1483 013e 01       		.byte	0x1
 1484 013f 3F       		.uleb128 0x3f
 1485 0140 19       		.uleb128 0x19
 1486 0141 03       		.uleb128 0x3
 1487 0142 0E       		.uleb128 0xe
 1488 0143 3A       		.uleb128 0x3a
 1489 0144 0B       		.uleb128 0xb
 1490 0145 3B       		.uleb128 0x3b
 1491 0146 0B       		.uleb128 0xb
 1492 0147 6E       		.uleb128 0x6e
 1493 0148 0E       		.uleb128 0xe
 1494 0149 27       		.uleb128 0x27
 1495 014a 19       		.uleb128 0x19
 1496 014b 49       		.uleb128 0x49
 1497 014c 13       		.uleb128 0x13
 1498 014d 3C       		.uleb128 0x3c
 1499 014e 19       		.uleb128 0x19
 1500 014f 01       		.uleb128 0x1
 1501 0150 13       		.uleb128 0x13
 1502 0151 00       		.byte	0
 1503 0152 00       		.byte	0
 1504 0153 17       		.uleb128 0x17
 1505 0154 05       		.uleb128 0x5
 1506 0155 00       		.byte	0
 1507 0156 49       		.uleb128 0x49
 1508 0157 13       		.uleb128 0x13
 1509 0158 00       		.byte	0
 1510 0159 00       		.byte	0
 1511 015a 18       		.uleb128 0x18
 1512 015b 2E       		.uleb128 0x2e
 1513 015c 01       		.byte	0x1
 1514 015d 3F       		.uleb128 0x3f
 1515 015e 19       		.uleb128 0x19
 1516 015f 03       		.uleb128 0x3
 1517 0160 0E       		.uleb128 0xe
 1518 0161 3A       		.uleb128 0x3a
 1519 0162 0B       		.uleb128 0xb
ARM GAS  C:\Users\Jukka\AppData\Local\Temp\ccdu8hWA.s 			page 36


 1520 0163 3B       		.uleb128 0x3b
 1521 0164 0B       		.uleb128 0xb
 1522 0165 27       		.uleb128 0x27
 1523 0166 19       		.uleb128 0x19
 1524 0167 3C       		.uleb128 0x3c
 1525 0168 19       		.uleb128 0x19
 1526 0169 01       		.uleb128 0x1
 1527 016a 13       		.uleb128 0x13
 1528 016b 00       		.byte	0
 1529 016c 00       		.byte	0
 1530 016d 19       		.uleb128 0x19
 1531 016e 2E       		.uleb128 0x2e
 1532 016f 00       		.byte	0
 1533 0170 3F       		.uleb128 0x3f
 1534 0171 19       		.uleb128 0x19
 1535 0172 03       		.uleb128 0x3
 1536 0173 0E       		.uleb128 0xe
 1537 0174 3A       		.uleb128 0x3a
 1538 0175 0B       		.uleb128 0xb
 1539 0176 3B       		.uleb128 0x3b
 1540 0177 0B       		.uleb128 0xb
 1541 0178 27       		.uleb128 0x27
 1542 0179 19       		.uleb128 0x19
 1543 017a 3C       		.uleb128 0x3c
 1544 017b 19       		.uleb128 0x19
 1545 017c 00       		.byte	0
 1546 017d 00       		.byte	0
 1547 017e 1A       		.uleb128 0x1a
 1548 017f 2E       		.uleb128 0x2e
 1549 0180 01       		.byte	0x1
 1550 0181 3F       		.uleb128 0x3f
 1551 0182 19       		.uleb128 0x19
 1552 0183 03       		.uleb128 0x3
 1553 0184 0E       		.uleb128 0xe
 1554 0185 3A       		.uleb128 0x3a
 1555 0186 0B       		.uleb128 0xb
 1556 0187 3B       		.uleb128 0x3b
 1557 0188 0B       		.uleb128 0xb
 1558 0189 27       		.uleb128 0x27
 1559 018a 19       		.uleb128 0x19
 1560 018b 49       		.uleb128 0x49
 1561 018c 13       		.uleb128 0x13
 1562 018d 3C       		.uleb128 0x3c
 1563 018e 19       		.uleb128 0x19
 1564 018f 01       		.uleb128 0x1
 1565 0190 13       		.uleb128 0x13
 1566 0191 00       		.byte	0
 1567 0192 00       		.byte	0
 1568 0193 1B       		.uleb128 0x1b
 1569 0194 2E       		.uleb128 0x2e
 1570 0195 00       		.byte	0
 1571 0196 3F       		.uleb128 0x3f
 1572 0197 19       		.uleb128 0x19
 1573 0198 03       		.uleb128 0x3
 1574 0199 0E       		.uleb128 0xe
 1575 019a 3A       		.uleb128 0x3a
 1576 019b 0B       		.uleb128 0xb
ARM GAS  C:\Users\Jukka\AppData\Local\Temp\ccdu8hWA.s 			page 37


 1577 019c 3B       		.uleb128 0x3b
 1578 019d 0B       		.uleb128 0xb
 1579 019e 27       		.uleb128 0x27
 1580 019f 19       		.uleb128 0x19
 1581 01a0 49       		.uleb128 0x49
 1582 01a1 13       		.uleb128 0x13
 1583 01a2 3C       		.uleb128 0x3c
 1584 01a3 19       		.uleb128 0x19
 1585 01a4 00       		.byte	0
 1586 01a5 00       		.byte	0
 1587 01a6 1C       		.uleb128 0x1c
 1588 01a7 18       		.uleb128 0x18
 1589 01a8 00       		.byte	0
 1590 01a9 00       		.byte	0
 1591 01aa 00       		.byte	0
 1592 01ab 1D       		.uleb128 0x1d
 1593 01ac 2E       		.uleb128 0x2e
 1594 01ad 01       		.byte	0x1
 1595 01ae 3F       		.uleb128 0x3f
 1596 01af 19       		.uleb128 0x19
 1597 01b0 03       		.uleb128 0x3
 1598 01b1 0E       		.uleb128 0xe
 1599 01b2 3A       		.uleb128 0x3a
 1600 01b3 0B       		.uleb128 0xb
 1601 01b4 3B       		.uleb128 0x3b
 1602 01b5 0B       		.uleb128 0xb
 1603 01b6 3C       		.uleb128 0x3c
 1604 01b7 19       		.uleb128 0x19
 1605 01b8 01       		.uleb128 0x1
 1606 01b9 13       		.uleb128 0x13
 1607 01ba 00       		.byte	0
 1608 01bb 00       		.byte	0
 1609 01bc 00       		.byte	0
 1610              		.section	.debug_loc,"",%progbits
 1611              	.Ldebug_loc0:
 1612              	.LLST0:
 1613 0000 02000000 		.4byte	.LVL5
 1614 0004 14000000 		.4byte	.LVL9
 1615 0008 0200     		.2byte	0x2
 1616 000a 30       		.byte	0x30
 1617 000b 9F       		.byte	0x9f
 1618 000c 14000000 		.4byte	.LVL9
 1619 0010 34000000 		.4byte	.LVL15
 1620 0014 0100     		.2byte	0x1
 1621 0016 55       		.byte	0x55
 1622 0017 34000000 		.4byte	.LVL15
 1623 001b 36000000 		.4byte	.LVL16
 1624 001f 0200     		.2byte	0x2
 1625 0021 30       		.byte	0x30
 1626 0022 9F       		.byte	0x9f
 1627 0023 00000000 		.4byte	0
 1628 0027 00000000 		.4byte	0
 1629              	.LLST1:
 1630 002b 02000000 		.4byte	.LVL5
 1631 002f 22000000 		.4byte	.LVL12
 1632 0033 0600     		.2byte	0x6
 1633 0035 9E       		.byte	0x9e
ARM GAS  C:\Users\Jukka\AppData\Local\Temp\ccdu8hWA.s 			page 38


 1634 0036 04       		.uleb128 0x4
 1635 0037 00000000 		.4byte	0
 1636 003b 22000000 		.4byte	.LVL12
 1637 003f 25000000 		.4byte	.LVL13-1
 1638 0043 0100     		.2byte	0x1
 1639 0045 50       		.byte	0x50
 1640 0046 25000000 		.4byte	.LVL13-1
 1641 004a 34000000 		.4byte	.LVL15
 1642 004e 0100     		.2byte	0x1
 1643 0050 54       		.byte	0x54
 1644 0051 34000000 		.4byte	.LVL15
 1645 0055 36000000 		.4byte	.LVL16
 1646 0059 0600     		.2byte	0x6
 1647 005b 9E       		.byte	0x9e
 1648 005c 04       		.uleb128 0x4
 1649 005d 00000000 		.4byte	0
 1650 0061 36000000 		.4byte	.LVL16
 1651 0065 4E000000 		.4byte	.LVL20
 1652 0069 0100     		.2byte	0x1
 1653 006b 54       		.byte	0x54
 1654 006c 00000000 		.4byte	0
 1655 0070 00000000 		.4byte	0
 1656              	.LLST2:
 1657 0074 00000000 		.4byte	.LVL39
 1658 0078 0A000000 		.4byte	.LVL41
 1659 007c 0100     		.2byte	0x1
 1660 007e 50       		.byte	0x50
 1661 007f 0A000000 		.4byte	.LVL41
 1662 0083 2A000000 		.4byte	.LFE66
 1663 0087 0400     		.2byte	0x4
 1664 0089 F3       		.byte	0xf3
 1665 008a 01       		.uleb128 0x1
 1666 008b 50       		.byte	0x50
 1667 008c 9F       		.byte	0x9f
 1668 008d 00000000 		.4byte	0
 1669 0091 00000000 		.4byte	0
 1670              	.LLST3:
 1671 0095 00000000 		.4byte	.LVL39
 1672 0099 0A000000 		.4byte	.LVL41
 1673 009d 0100     		.2byte	0x1
 1674 009f 51       		.byte	0x51
 1675 00a0 0A000000 		.4byte	.LVL41
 1676 00a4 18000000 		.4byte	.LVL43
 1677 00a8 0100     		.2byte	0x1
 1678 00aa 54       		.byte	0x54
 1679 00ab 18000000 		.4byte	.LVL43
 1680 00af 22000000 		.4byte	.LVL46
 1681 00b3 0100     		.2byte	0x1
 1682 00b5 56       		.byte	0x56
 1683 00b6 22000000 		.4byte	.LVL46
 1684 00ba 2A000000 		.4byte	.LFE66
 1685 00be 0100     		.2byte	0x1
 1686 00c0 54       		.byte	0x54
 1687 00c1 00000000 		.4byte	0
 1688 00c5 00000000 		.4byte	0
 1689              	.LLST4:
 1690 00c9 00000000 		.4byte	.LVL39
ARM GAS  C:\Users\Jukka\AppData\Local\Temp\ccdu8hWA.s 			page 39


 1691 00cd 0A000000 		.4byte	.LVL41
 1692 00d1 0100     		.2byte	0x1
 1693 00d3 52       		.byte	0x52
 1694 00d4 0A000000 		.4byte	.LVL41
 1695 00d8 2A000000 		.4byte	.LFE66
 1696 00dc 0100     		.2byte	0x1
 1697 00de 57       		.byte	0x57
 1698 00df 00000000 		.4byte	0
 1699 00e3 00000000 		.4byte	0
 1700              	.LLST5:
 1701 00e7 06000000 		.4byte	.LVL40
 1702 00eb 0A000000 		.4byte	.LVL41
 1703 00ef 0200     		.2byte	0x2
 1704 00f1 30       		.byte	0x30
 1705 00f2 9F       		.byte	0x9f
 1706 00f3 0A000000 		.4byte	.LVL41
 1707 00f7 2A000000 		.4byte	.LFE66
 1708 00fb 0100     		.2byte	0x1
 1709 00fd 55       		.byte	0x55
 1710 00fe 00000000 		.4byte	0
 1711 0102 00000000 		.4byte	0
 1712              	.LLST6:
 1713 0106 00000000 		.4byte	.LVL47
 1714 010a 0A000000 		.4byte	.LVL49
 1715 010e 0100     		.2byte	0x1
 1716 0110 50       		.byte	0x50
 1717 0111 0A000000 		.4byte	.LVL49
 1718 0115 38000000 		.4byte	.LFE67
 1719 0119 0400     		.2byte	0x4
 1720 011b F3       		.byte	0xf3
 1721 011c 01       		.uleb128 0x1
 1722 011d 50       		.byte	0x50
 1723 011e 9F       		.byte	0x9f
 1724 011f 00000000 		.4byte	0
 1725 0123 00000000 		.4byte	0
 1726              	.LLST7:
 1727 0127 00000000 		.4byte	.LVL47
 1728 012b 0A000000 		.4byte	.LVL49
 1729 012f 0100     		.2byte	0x1
 1730 0131 51       		.byte	0x51
 1731 0132 0A000000 		.4byte	.LVL49
 1732 0136 26000000 		.4byte	.LVL56
 1733 013a 0100     		.2byte	0x1
 1734 013c 57       		.byte	0x57
 1735 013d 26000000 		.4byte	.LVL56
 1736 0141 30000000 		.4byte	.LVL58
 1737 0145 0100     		.2byte	0x1
 1738 0147 53       		.byte	0x53
 1739 0148 30000000 		.4byte	.LVL58
 1740 014c 34000000 		.4byte	.LVL59
 1741 0150 0100     		.2byte	0x1
 1742 0152 57       		.byte	0x57
 1743 0153 00000000 		.4byte	0
 1744 0157 00000000 		.4byte	0
 1745              	.LLST8:
 1746 015b 00000000 		.4byte	.LVL47
 1747 015f 0A000000 		.4byte	.LVL49
ARM GAS  C:\Users\Jukka\AppData\Local\Temp\ccdu8hWA.s 			page 40


 1748 0163 0100     		.2byte	0x1
 1749 0165 52       		.byte	0x52
 1750 0166 0A000000 		.4byte	.LVL49
 1751 016a 38000000 		.4byte	.LFE67
 1752 016e 0100     		.2byte	0x1
 1753 0170 54       		.byte	0x54
 1754 0171 00000000 		.4byte	0
 1755 0175 00000000 		.4byte	0
 1756              	.LLST9:
 1757 0179 06000000 		.4byte	.LVL48
 1758 017d 0A000000 		.4byte	.LVL49
 1759 0181 0200     		.2byte	0x2
 1760 0183 30       		.byte	0x30
 1761 0184 9F       		.byte	0x9f
 1762 0185 0A000000 		.4byte	.LVL49
 1763 0189 38000000 		.4byte	.LFE67
 1764 018d 0100     		.2byte	0x1
 1765 018f 56       		.byte	0x56
 1766 0190 00000000 		.4byte	0
 1767 0194 00000000 		.4byte	0
 1768              	.LLST10:
 1769 0198 0E000000 		.4byte	.LVL50
 1770 019c 15000000 		.4byte	.LVL51-1
 1771 01a0 0100     		.2byte	0x1
 1772 01a2 50       		.byte	0x50
 1773 01a3 1C000000 		.4byte	.LVL53
 1774 01a7 24000000 		.4byte	.LVL55
 1775 01ab 0200     		.2byte	0x2
 1776 01ad 3A       		.byte	0x3a
 1777 01ae 9F       		.byte	0x9f
 1778 01af 24000000 		.4byte	.LVL55
 1779 01b3 30000000 		.4byte	.LVL58
 1780 01b7 0100     		.2byte	0x1
 1781 01b9 55       		.byte	0x55
 1782 01ba 00000000 		.4byte	0
 1783 01be 00000000 		.4byte	0
 1784              		.section	.debug_aranges,"",%progbits
 1785 0000 3C000000 		.4byte	0x3c
 1786 0004 0200     		.2byte	0x2
 1787 0006 00000000 		.4byte	.Ldebug_info0
 1788 000a 04       		.byte	0x4
 1789 000b 00       		.byte	0
 1790 000c 0000     		.2byte	0
 1791 000e 0000     		.2byte	0
 1792 0010 00000000 		.4byte	.LFB65
 1793 0014 28000000 		.4byte	.LFE65-.LFB65
 1794 0018 00000000 		.4byte	.LFB64
 1795 001c 58000000 		.4byte	.LFE64-.LFB64
 1796 0020 00000000 		.4byte	.LFB63
 1797 0024 A8000000 		.4byte	.LFE63-.LFB63
 1798 0028 00000000 		.4byte	.LFB66
 1799 002c 2A000000 		.4byte	.LFE66-.LFB66
 1800 0030 00000000 		.4byte	.LFB67
 1801 0034 38000000 		.4byte	.LFE67-.LFB67
 1802 0038 00000000 		.4byte	0
 1803 003c 00000000 		.4byte	0
 1804              		.section	.debug_ranges,"",%progbits
ARM GAS  C:\Users\Jukka\AppData\Local\Temp\ccdu8hWA.s 			page 41


 1805              	.Ldebug_ranges0:
 1806 0000 00000000 		.4byte	.LFB65
 1807 0004 28000000 		.4byte	.LFE65
 1808 0008 00000000 		.4byte	.LFB64
 1809 000c 58000000 		.4byte	.LFE64
 1810 0010 00000000 		.4byte	.LFB63
 1811 0014 A8000000 		.4byte	.LFE63
 1812 0018 00000000 		.4byte	.LFB66
 1813 001c 2A000000 		.4byte	.LFE66
 1814 0020 00000000 		.4byte	.LFB67
 1815 0024 38000000 		.4byte	.LFE67
 1816 0028 00000000 		.4byte	0
 1817 002c 00000000 		.4byte	0
 1818              		.section	.debug_line,"",%progbits
 1819              	.Ldebug_line0:
 1820 0000 7F020000 		.section	.debug_str,"MS",%progbits,1
 1820      0200BA01 
 1820      00000201 
 1820      FB0E0D00 
 1820      01010101 
 1821              	.LASF35:
 1822 0000 55415254 		.ascii	"UART_1_Start\000"
 1822      5F315F53 
 1822      74617274 
 1822      00
 1823              	.LASF20:
 1824 000d 626C696E 		.ascii	"blinking_led\000"
 1824      6B696E67 
 1824      5F6C6564 
 1824      00
 1825              	.LASF9:
 1826 001a 5F5F696E 		.ascii	"__int32_t\000"
 1826      7433325F 
 1826      7400
 1827              	.LASF36:
 1828 0024 4144435F 		.ascii	"ADC_Battery_Start\000"
 1828      42617474 
 1828      6572795F 
 1828      53746172 
 1828      7400
 1829              	.LASF3:
 1830 0036 73686F72 		.ascii	"short unsigned int\000"
 1830      7420756E 
 1830      7369676E 
 1830      65642069 
 1830      6E7400
 1831              	.LASF10:
 1832 0049 696E7433 		.ascii	"int32_t\000"
 1832      325F7400 
 1833              	.LASF26:
 1834 0051 5F726561 		.ascii	"_read\000"
 1834      6400
 1835              	.LASF15:
 1836 0057 666C6F61 		.ascii	"float\000"
 1836      7400
 1837              	.LASF24:
 1838 005d 66696C65 		.ascii	"file\000"
ARM GAS  C:\Users\Jukka\AppData\Local\Temp\ccdu8hWA.s 			page 42


 1838      00
 1839              	.LASF1:
 1840 0062 756E7369 		.ascii	"unsigned char\000"
 1840      676E6564 
 1840      20636861 
 1840      7200
 1841              	.LASF13:
 1842 0070 696E7431 		.ascii	"int16\000"
 1842      3600
 1843              	.LASF5:
 1844 0076 6C6F6E67 		.ascii	"long unsigned int\000"
 1844      20756E73 
 1844      69676E65 
 1844      6420696E 
 1844      7400
 1845              	.LASF0:
 1846 0088 7369676E 		.ascii	"signed char\000"
 1846      65642063 
 1846      68617200 
 1847              	.LASF48:
 1848 0094 49544D5F 		.ascii	"ITM_RxBuffer\000"
 1848      52784275 
 1848      66666572 
 1848      00
 1849              	.LASF16:
 1850 00a1 646F7562 		.ascii	"double\000"
 1850      6C6500
 1851              	.LASF41:
 1852 00a8 6D6F746F 		.ascii	"motor_stop\000"
 1852      725F7374 
 1852      6F7000
 1853              	.LASF47:
 1854 00b3 6D61696E 		.ascii	"main\000"
 1854      00
 1855              	.LASF14:
 1856 00b8 666C6F61 		.ascii	"float32\000"
 1856      74333200 
 1857              	.LASF12:
 1858 00c0 75696E74 		.ascii	"uint32\000"
 1858      333200
 1859              	.LASF44:
 1860 00c7 474E5520 		.ascii	"GNU C 4.9.3 20150303 (release) [ARM/embedded-4_9-br"
 1860      4320342E 
 1860      392E3320 
 1860      32303135 
 1860      30333033 
 1861 00fa 616E6368 		.ascii	"anch revision 221220] -mcpu=cortex-m3 -mthumb -g -O"
 1861      20726576 
 1861      6973696F 
 1861      6E203232 
 1861      31323230 
 1862 012d 67202D66 		.ascii	"g -ffunction-sections -ffat-lto-objects\000"
 1862      66756E63 
 1862      74696F6E 
 1862      2D736563 
 1862      74696F6E 
 1863              	.LASF42:
ARM GAS  C:\Users\Jukka\AppData\Local\Temp\ccdu8hWA.s 			page 43


 1864 0155 55415254 		.ascii	"UART_1_PutChar\000"
 1864      5F315F50 
 1864      75744368 
 1864      617200
 1865              	.LASF8:
 1866 0164 756E7369 		.ascii	"unsigned int\000"
 1866      676E6564 
 1866      20696E74 
 1866      00
 1867              	.LASF37:
 1868 0171 4144435F 		.ascii	"ADC_Battery_GetResult16\000"
 1868      42617474 
 1868      6572795F 
 1868      47657452 
 1868      6573756C 
 1869              	.LASF7:
 1870 0189 6C6F6E67 		.ascii	"long long unsigned int\000"
 1870      206C6F6E 
 1870      6720756E 
 1870      7369676E 
 1870      65642069 
 1871              	.LASF40:
 1872 01a0 6D6F746F 		.ascii	"motor_start\000"
 1872      725F7374 
 1872      61727400 
 1873              	.LASF25:
 1874 01ac 5F777269 		.ascii	"_write\000"
 1874      746500
 1875              	.LASF32:
 1876 01b3 4144435F 		.ascii	"ADC_Battery_CountsTo_Volts\000"
 1876      42617474 
 1876      6572795F 
 1876      436F756E 
 1876      7473546F 
 1877              	.LASF31:
 1878 01ce 4144435F 		.ascii	"ADC_Battery_IsEndConversion\000"
 1878      42617474 
 1878      6572795F 
 1878      4973456E 
 1878      64436F6E 
 1879              	.LASF28:
 1880 01ea 5F5F6275 		.ascii	"__builtin_puts\000"
 1880      696C7469 
 1880      6E5F7075 
 1880      747300
 1881              	.LASF23:
 1882 01f9 766F6C74 		.ascii	"volts\000"
 1882      7300
 1883              	.LASF19:
 1884 01ff 6C6F6E67 		.ascii	"long double\000"
 1884      20646F75 
 1884      626C6500 
 1885              	.LASF21:
 1886 020b 63686563 		.ascii	"check_battery\000"
 1886      6B5F6261 
 1886      74746572 
 1886      7900
ARM GAS  C:\Users\Jukka\AppData\Local\Temp\ccdu8hWA.s 			page 44


 1887              	.LASF18:
 1888 0219 73697A65 		.ascii	"sizetype\000"
 1888      74797065 
 1888      00
 1889              	.LASF6:
 1890 0222 6C6F6E67 		.ascii	"long long int\000"
 1890      206C6F6E 
 1890      6720696E 
 1890      7400
 1891              	.LASF29:
 1892 0230 42617474 		.ascii	"BatteryLed_Write\000"
 1892      6572794C 
 1892      65645F57 
 1892      72697465 
 1892      00
 1893              	.LASF45:
 1894 0241 6D61696E 		.ascii	"main.c\000"
 1894      2E6300
 1895              	.LASF17:
 1896 0248 63686172 		.ascii	"char\000"
 1896      00
 1897              	.LASF22:
 1898 024d 61646372 		.ascii	"adcresult\000"
 1898      6573756C 
 1898      7400
 1899              	.LASF33:
 1900 0257 7072696E 		.ascii	"printf\000"
 1900      746600
 1901              	.LASF27:
 1902 025e 636F756E 		.ascii	"count\000"
 1902      7400
 1903              	.LASF2:
 1904 0264 73686F72 		.ascii	"short int\000"
 1904      7420696E 
 1904      7400
 1905              	.LASF11:
 1906 026e 75696E74 		.ascii	"uint8\000"
 1906      3800
 1907              	.LASF38:
 1908 0274 5357315F 		.ascii	"SW1_Read\000"
 1908      52656164 
 1908      00
 1909              	.LASF4:
 1910 027d 6C6F6E67 		.ascii	"long int\000"
 1910      20696E74 
 1910      00
 1911              	.LASF49:
 1912 0286 70757473 		.ascii	"puts\000"
 1912      00
 1913              	.LASF39:
 1914 028b 6D6F746F 		.ascii	"motor_turn\000"
 1914      725F7475 
 1914      726E00
 1915              	.LASF46:
 1916 0296 433A5C55 		.ascii	"C:\\Users\\Jukka\\Documents\\PSoC Creator\\Workspac"
 1916      73657273 
 1916      5C4A756B 
ARM GAS  C:\Users\Jukka\AppData\Local\Temp\ccdu8hWA.s 			page 45


 1916      6B615C44 
 1916      6F63756D 
 1917 02c4 6530315C 		.ascii	"e01\\Zumo.release04\\Zumo01\\ZumoBot.cydsn\000"
 1917      5A756D6F 
 1917      2E72656C 
 1917      65617365 
 1917      30345C5A 
 1918              	.LASF34:
 1919 02ec 4144435F 		.ascii	"ADC_Battery_StartConvert\000"
 1919      42617474 
 1919      6572795F 
 1919      53746172 
 1919      74436F6E 
 1920              	.LASF30:
 1921 0305 43794465 		.ascii	"CyDelay\000"
 1921      6C617900 
 1922              	.LASF43:
 1923 030d 55415254 		.ascii	"UART_1_GetChar\000"
 1923      5F315F47 
 1923      65744368 
 1923      617200
 1924              		.ident	"GCC: (GNU Tools for ARM Embedded Processors) 4.9.3 20150303 (release) [ARM/embedded-4_9-br
